#
# There is insufficient memory for the Java Runtime Environment to continue.
# Native memory allocation (malloc) failed to allocate 1131536 bytes for Chunk::new
# Possible reasons:
#   The system is out of physical RAM or swap space
#   The process is running with CompressedOops enabled, and the Java Heap may be blocking the growth of the native heap
# Possible solutions:
#   Reduce memory load on the system
#   Increase physical memory or swap space
#   Check if swap backing store is full
#   Decrease Java heap size (-Xmx/-Xms)
#   Decrease number of Java threads
#   Decrease Java thread stack sizes (-Xss)
#   Set larger code cache with -XX:ReservedCodeCacheSize=
#   JVM is running with Unscaled Compressed Oops mode in which the Java heap is
#     placed in the first 4GB address space. The Java Heap base address is the
#     maximum limit for the native heap growth. Please use -XX:HeapBaseMinAddress
#     to set the Java Heap base and to place the Java Heap above 4GB virtual address.
# This output file may be truncated or incomplete.
#
#  Out of Memory Error (src/hotspot/share/memory/arena.cpp:197), pid=15620, tid=18064
#
# JRE version: OpenJDK Runtime Environment (11.0.15) (build 11.0.15+0-b2043.56-9505619)
# Java VM: OpenJDK 64-Bit Server VM (11.0.15+0-b2043.56-9505619, mixed mode, tiered, compressed oops, g1 gc, windows-amd64)
# No core dump will be written. Minidumps are not enabled by default on client versions of Windows
#

---------------  S U M M A R Y ------------

Command Line: --add-opens=java.base/java.util=ALL-UNNAMED --add-opens=java.base/java.lang=ALL-UNNAMED --add-opens=java.base/java.lang.invoke=ALL-UNNAMED --add-opens=java.base/java.util=ALL-UNNAMED --add-opens=java.prefs/java.util.prefs=ALL-UNNAMED --add-opens=java.prefs/java.util.prefs=ALL-UNNAMED --add-opens=java.base/java.nio.charset=ALL-UNNAMED --add-opens=java.base/java.net=ALL-UNNAMED --add-opens=java.base/java.util.concurrent.atomic=ALL-UNNAMED -Xmx2048m -Dfile.encoding=UTF-8 -Duser.country=GB -Duser.language=en -Duser.variant org.gradle.launcher.daemon.bootstrap.GradleDaemon 7.5

Host: Intel(R) Core(TM) i5-9400F CPU @ 2.90GHz, 6 cores, 15G,  Windows 10 , 64 bit Build 19041 (10.0.19041.2364)
Time: Mon Feb 13 02:02:12 2023 GMT Standard Time elapsed time: 11913.070552 seconds (0d 3h 18m 33s)

---------------  T H R E A D  ---------------

Current thread (0x000002546c7b3000):  JavaThread "C2 CompilerThread0" daemon [_thread_in_native, id=18064, stack(0x000000e5fca00000,0x000000e5fcb00000)]


Current CompileTask:
C2:11913070 44684 %     4       com.sun.tools.javac.jvm.ClassWriter::writePool @ 18 (1179 bytes)

Stack: [0x000000e5fca00000,0x000000e5fcb00000]
Native frames: (J=compiled Java code, j=interpreted, Vv=VM code, C=native code)
V  [jvm.dll+0x64135a]
V  [jvm.dll+0x7d39f9]
V  [jvm.dll+0x7d51b9]
V  [jvm.dll+0x7d58a3]
V  [jvm.dll+0x2691c5]
V  [jvm.dll+0xc1a5c]
V  [jvm.dll+0xc200c]
V  [jvm.dll+0x2da2c2]
V  [jvm.dll+0x54cad9]
V  [jvm.dll+0x22a011]
V  [jvm.dll+0x223809]
V  [jvm.dll+0x220384]
V  [jvm.dll+0x19e851]
V  [jvm.dll+0x230479]
V  [jvm.dll+0x22e5ef]
V  [jvm.dll+0x794de1]
V  [jvm.dll+0x78dc24]
V  [jvm.dll+0x6400f6]
C  [ucrtbase.dll+0x21bb2]
C  [KERNEL32.DLL+0x17614]
C  [ntdll.dll+0x526a1]


---------------  P R O C E S S  ---------------

Threads class SMR info:
_java_thread_list=0x0000025474c467f0, length=126, elements={
0x000002544feb3800, 0x000002546bf1d800, 0x000002546c750800, 0x000002546c7ac000,
0x000002546c7b0000, 0x000002546c7b2000, 0x000002546c7b3000, 0x000002546c7b4800,
0x000002546c80c800, 0x000002546c912000, 0x000002546f00f000, 0x000002546f18b800,
0x000002546e1fb000, 0x000002546f002800, 0x000002546f003000, 0x000002546f001800,
0x000002546f005000, 0x000002546f005800, 0x000002546f000800, 0x000002546fe5e800,
0x000002546fe5f800, 0x000002546fe61800, 0x000002546fe5d800, 0x000002546fe63800,
0x000002546fe64000, 0x0000025470313000, 0x0000025470311800, 0x0000025476e1e800,
0x000002546cceb000, 0x000002546fe69000, 0x000002546ccf5800, 0x000002546cce8800,
0x000002546cce9800, 0x000002547030c800, 0x000002546cce7800, 0x000002546ccea000,
0x000002546cceb800, 0x000002546cce7000, 0x000002546ccef000, 0x000002546cced800,
0x000002546ccf0000, 0x000002546ccf0800, 0x000002546ccf1800, 0x000002546ccf2800,
0x000002546ccec800, 0x000002546ccf3000, 0x000002546ccf4000, 0x000002546ccee000,
0x000002546ccf4800, 0x000002546d03e000, 0x000002546d041800, 0x000002546d03f000,
0x000002546d03c000, 0x000002546d040800, 0x000002546d040000, 0x000002546d042800,
0x000002546d03c800, 0x000002546d03d800, 0x000002546d046800, 0x000002546d045800,
0x000002546d048000, 0x000002546d049000, 0x000002546d043000, 0x000002546d049800,
0x000002546d044000, 0x000002546d04a800, 0x000002546d044800, 0x0000025476cf2800,
0x0000025476cf3800, 0x0000025476cf4000, 0x0000025476cef800, 0x0000025476cf6000,
0x0000025476cf5000, 0x0000025476cf0000, 0x0000025476cf1000, 0x0000025476cf6800,
0x0000025476cf7800, 0x0000025476cf2000, 0x0000025476cfa000, 0x0000025476cfe000,
0x0000025476cfb000, 0x0000025476cfb800, 0x0000025476cfd000, 0x0000025476cf8800,
0x0000025476cf9000, 0x000002546f694800, 0x000002546f698800, 0x000002546f696000,
0x000002546f695000, 0x000002546f692800, 0x000002546f699000, 0x000002546f69a000,
0x000002546f69b000, 0x000002546f69b800, 0x000002546f69c800, 0x000002546f697000,
0x000002546f69d800, 0x000002546f697800, 0x000002546f6a0000, 0x000002546f69e000,
0x000002546f69f000, 0x000002546f6a0800, 0x000002546f6a1800, 0x0000025470305000,
0x0000025470307800, 0x0000025470308800, 0x0000025470309000, 0x000002547030a000,
0x0000025470306000, 0x0000025470304000, 0x0000025470306800, 0x000002547030d000,
0x000002547030f000, 0x000002547030b000, 0x000002547030f800, 0x0000025470310800,
0x000002547030b800, 0x000002547030e000, 0x000002546fe5d000, 0x000002546fe65000,
0x000002546fe66000, 0x000002546fe60000, 0x000002546fe66800, 0x000002546fe61000,
0x000002546fe67800, 0x000002546fe6a800
}

Java Threads: ( => current thread )
  0x000002544feb3800 JavaThread "main" [_thread_blocked, id=17728, stack(0x000000e5fbd00000,0x000000e5fbe00000)]
  0x000002546bf1d800 JavaThread "Reference Handler" daemon [_thread_blocked, id=9884, stack(0x000000e5fc500000,0x000000e5fc600000)]
  0x000002546c750800 JavaThread "Finalizer" daemon [_thread_blocked, id=1192, stack(0x000000e5fc600000,0x000000e5fc700000)]
  0x000002546c7ac000 JavaThread "Signal Dispatcher" daemon [_thread_blocked, id=15256, stack(0x000000e5fc700000,0x000000e5fc800000)]
  0x000002546c7b0000 JavaThread "Attach Listener" daemon [_thread_blocked, id=3360, stack(0x000000e5fc800000,0x000000e5fc900000)]
  0x000002546c7b2000 JavaThread "Service Thread" daemon [_thread_blocked, id=7276, stack(0x000000e5fc900000,0x000000e5fca00000)]
=>0x000002546c7b3000 JavaThread "C2 CompilerThread0" daemon [_thread_in_native, id=18064, stack(0x000000e5fca00000,0x000000e5fcb00000)]
  0x000002546c7b4800 JavaThread "C1 CompilerThread0" daemon [_thread_blocked, id=5860, stack(0x000000e5fcb00000,0x000000e5fcc00000)]
  0x000002546c80c800 JavaThread "Sweeper thread" daemon [_thread_blocked, id=14496, stack(0x000000e5fcc00000,0x000000e5fcd00000)]
  0x000002546c912000 JavaThread "Common-Cleaner" daemon [_thread_blocked, id=10888, stack(0x000000e5fcd00000,0x000000e5fce00000)]
  0x000002546f00f000 JavaThread "Daemon health stats" [_thread_blocked, id=8656, stack(0x000000e5fd500000,0x000000e5fd600000)]
  0x000002546f18b800 JavaThread "Incoming local TCP Connector on port 58890" [_thread_in_native, id=1976, stack(0x000000e5fcf00000,0x000000e5fd000000)]
  0x000002546e1fb000 JavaThread "Daemon periodic checks" [_thread_blocked, id=9904, stack(0x000000e5fd600000,0x000000e5fd700000)]
  0x000002546f002800 JavaThread "Cache worker for journal cache (C:\Users\tylwe\.gradle\caches\journal-1)" [_thread_blocked, id=1916, stack(0x000000e5fde00000,0x000000e5fdf00000)]
  0x000002546f003000 JavaThread "File lock request listener" [_thread_in_native, id=20360, stack(0x000000e5fdf00000,0x000000e5fe000000)]
  0x000002546f001800 JavaThread "Cache worker for file hash cache (C:\Users\tylwe\.gradle\caches\7.5\fileHashes)" [_thread_blocked, id=19056, stack(0x000000e5fe100000,0x000000e5fe200000)]
  0x000002546f005000 JavaThread "File watcher server" daemon [_thread_in_native, id=21072, stack(0x000000e5fe200000,0x000000e5fe300000)]
  0x000002546f005800 JavaThread "File watcher consumer" daemon [_thread_blocked, id=8492, stack(0x000000e5fe300000,0x000000e5fe400000)]
  0x000002546f000800 JavaThread "Cache worker for file content cache (C:\Users\tylwe\.gradle\caches\7.5\fileContent)" [_thread_blocked, id=17468, stack(0x000000e5fe600000,0x000000e5fe700000)]
  0x000002546fe5e800 JavaThread "Cache worker for execution history cache (C:\Users\tylwe\.gradle\caches\7.5\executionHistory)" [_thread_blocked, id=20980, stack(0x000000e5fea00000,0x000000e5feb00000)]
  0x000002546fe5f800 JavaThread "jar transforms" [_thread_blocked, id=10844, stack(0x000000e5feb00000,0x000000e5fec00000)]
  0x000002546fe61800 JavaThread "jar transforms Thread 2" [_thread_blocked, id=3356, stack(0x000000e5fec00000,0x000000e5fed00000)]
  0x000002546fe5d800 JavaThread "jar transforms Thread 3" [_thread_blocked, id=14428, stack(0x000000e5fed00000,0x000000e5fee00000)]
  0x000002546fe63800 JavaThread "jar transforms Thread 4" [_thread_blocked, id=16400, stack(0x000000e5fee00000,0x000000e5fef00000)]
  0x000002546fe64000 JavaThread "jar transforms Thread 5" [_thread_blocked, id=4940, stack(0x000000e5ff000000,0x000000e5ff100000)]
  0x0000025470313000 JavaThread "jar transforms Thread 6" [_thread_blocked, id=7368, stack(0x000000e582e00000,0x000000e582f00000)]
  0x0000025470311800 JavaThread "Memory manager" [_thread_blocked, id=11624, stack(0x000000e583000000,0x000000e583100000)]
  0x0000025476e1e800 JavaThread "Cache worker for Java compile cache (C:\Users\tylwe\.gradle\caches\7.5\javaCompile)" [_thread_blocked, id=4336, stack(0x000000e583900000,0x000000e583a00000)]
  0x000002546cceb000 JavaThread "ForkJoinPool.commonPool-worker-3" daemon [_thread_blocked, id=17088, stack(0x000000e586600000,0x000000e586700000)]
  0x000002546fe69000 JavaThread "ForkJoinPool.commonPool-worker-11" daemon [_thread_blocked, id=21904, stack(0x000000e586700000,0x000000e586800000)]
  0x000002546ccf5800 JavaThread "ForkJoinPool.commonPool-worker-15" daemon [_thread_blocked, id=4652, stack(0x000000e586200000,0x000000e586300000)]
  0x000002546cce8800 JavaThread "Daemon Thread 44" [_thread_blocked, id=18800, stack(0x000000e580000000,0x000000e580100000)]
  0x000002546cce9800 JavaThread "Daemon worker Thread 44" [_thread_blocked, id=8740, stack(0x000000e580300000,0x000000e580400000)]
  0x000002547030c800 JavaThread "included builds" [_thread_blocked, id=8780, stack(0x000000e584f00000,0x000000e585000000)]
  0x000002546cce7800 JavaThread "Handler for socket connection from /127.0.0.1:58890 to /127.0.0.1:60199" [_thread_in_native, id=8504, stack(0x000000e580200000,0x000000e580300000)]
  0x000002546ccea000 JavaThread "Cancel handler" [_thread_blocked, id=17416, stack(0x000000e580400000,0x000000e580500000)]
  0x000002546cceb800 JavaThread "Asynchronous log dispatcher for DefaultDaemonConnection: socket connection from /127.0.0.1:58890 to /127.0.0.1:60199" [_thread_blocked, id=12256, stack(0x000000e580500000,0x000000e580600000)]
  0x000002546cce7000 JavaThread "Stdin handler" [_thread_blocked, id=20552, stack(0x000000e580600000,0x000000e580700000)]
  0x000002546ccef000 JavaThread "Daemon client event forwarder" [_thread_blocked, id=20884, stack(0x000000e580700000,0x000000e580800000)]
  0x000002546cced800 JavaThread "Cache worker for checksums cache (C:\Users\tylwe\Documents\Free-Chess\.gradle\7.5\checksums)" [_thread_blocked, id=22192, stack(0x000000e580800000,0x000000e580900000)]
  0x000002546ccf0000 JavaThread "Cache worker for cache directory md-rule (C:\Users\tylwe\.gradle\caches\7.5\md-rule)" [_thread_blocked, id=6620, stack(0x000000e580900000,0x000000e580a00000)]
  0x000002546ccf0800 JavaThread "Cache worker for file hash cache (C:\Users\tylwe\Documents\Free-Chess\.gradle\7.5\fileHashes)" [_thread_blocked, id=9440, stack(0x000000e580a00000,0x000000e580b00000)]
  0x000002546ccf1800 JavaThread "Cache worker for cache directory md-supplier (C:\Users\tylwe\.gradle\caches\7.5\md-supplier)" [_thread_blocked, id=7932, stack(0x000000e580b00000,0x000000e580c00000)]
  0x000002546ccf2800 JavaThread "Cache worker for dependencies-accessors (C:\Users\tylwe\Documents\Free-Chess\.gradle\7.5\dependencies-accessors)" [_thread_blocked, id=13088, stack(0x000000e580c00000,0x000000e580d00000)]
  0x000002546ccec800 JavaThread "Cache worker for Build Output Cleanup Cache (C:\Users\tylwe\Documents\Free-Chess\.gradle\buildOutputCleanup)" [_thread_blocked, id=15700, stack(0x000000e580d00000,0x000000e580e00000)]
  0x000002546ccf3000 JavaThread "Unconstrained build operations" [_thread_blocked, id=16436, stack(0x000000e580e00000,0x000000e580f00000)]
  0x000002546ccf4000 JavaThread "Unconstrained build operations Thread 2" [_thread_blocked, id=4580, stack(0x000000e580f00000,0x000000e581000000)]
  0x000002546ccee000 JavaThread "Unconstrained build operations Thread 3" [_thread_blocked, id=13676, stack(0x000000e581000000,0x000000e581100000)]
  0x000002546ccf4800 JavaThread "Unconstrained build operations Thread 4" [_thread_blocked, id=8160, stack(0x000000e581100000,0x000000e581200000)]
  0x000002546d03e000 JavaThread "Unconstrained build operations Thread 5" [_thread_blocked, id=9420, stack(0x000000e581200000,0x000000e581300000)]
  0x000002546d041800 JavaThread "Unconstrained build operations Thread 6" [_thread_blocked, id=16544, stack(0x000000e581300000,0x000000e581400000)]
  0x000002546d03f000 JavaThread "Unconstrained build operations Thread 7" [_thread_blocked, id=7804, stack(0x000000e581400000,0x000000e581500000)]
  0x000002546d03c000 JavaThread "Unconstrained build operations Thread 8" [_thread_blocked, id=928, stack(0x000000e581500000,0x000000e581600000)]
  0x000002546d040800 JavaThread "Unconstrained build operations Thread 9" [_thread_blocked, id=15356, stack(0x000000e581600000,0x000000e581700000)]
  0x000002546d040000 JavaThread "Unconstrained build operations Thread 10" [_thread_blocked, id=17452, stack(0x000000e581700000,0x000000e581800000)]
  0x000002546d042800 JavaThread "Unconstrained build operations Thread 11" [_thread_blocked, id=20548, stack(0x000000e581800000,0x000000e581900000)]
  0x000002546d03c800 JavaThread "Unconstrained build operations Thread 12" [_thread_blocked, id=21596, stack(0x000000e581900000,0x000000e581a00000)]
  0x000002546d03d800 JavaThread "Unconstrained build operations Thread 13" [_thread_blocked, id=21948, stack(0x000000e581a00000,0x000000e581b00000)]
  0x000002546d046800 JavaThread "Unconstrained build operations Thread 14" [_thread_blocked, id=5756, stack(0x000000e581b00000,0x000000e581c00000)]
  0x000002546d045800 JavaThread "Unconstrained build operations Thread 15" [_thread_blocked, id=9256, stack(0x000000e581c00000,0x000000e581d00000)]
  0x000002546d048000 JavaThread "Unconstrained build operations Thread 16" [_thread_blocked, id=17200, stack(0x000000e581d00000,0x000000e581e00000)]
  0x000002546d049000 JavaThread "Unconstrained build operations Thread 17" [_thread_blocked, id=4612, stack(0x000000e581e00000,0x000000e581f00000)]
  0x000002546d043000 JavaThread "Unconstrained build operations Thread 18" [_thread_blocked, id=5384, stack(0x000000e581f00000,0x000000e582000000)]
  0x000002546d049800 JavaThread "Unconstrained build operations Thread 19" [_thread_blocked, id=22432, stack(0x000000e582000000,0x000000e582100000)]
  0x000002546d044000 JavaThread "Unconstrained build operations Thread 20" [_thread_blocked, id=6832, stack(0x000000e582100000,0x000000e582200000)]
  0x000002546d04a800 JavaThread "Unconstrained build operations Thread 21" [_thread_blocked, id=22408, stack(0x000000e582200000,0x000000e582300000)]
  0x000002546d044800 JavaThread "Unconstrained build operations Thread 22" [_thread_blocked, id=10184, stack(0x000000e582300000,0x000000e582400000)]
  0x0000025476cf2800 JavaThread "Unconstrained build operations Thread 23" [_thread_blocked, id=20460, stack(0x000000e582400000,0x000000e582500000)]
  0x0000025476cf3800 JavaThread "Unconstrained build operations Thread 24" [_thread_blocked, id=9656, stack(0x000000e582500000,0x000000e582600000)]
  0x0000025476cf4000 JavaThread "Unconstrained build operations Thread 25" [_thread_blocked, id=7704, stack(0x000000e582600000,0x000000e582700000)]
  0x0000025476cef800 JavaThread "Unconstrained build operations Thread 26" [_thread_blocked, id=9412, stack(0x000000e582700000,0x000000e582800000)]
  0x0000025476cf6000 JavaThread "Unconstrained build operations Thread 27" [_thread_blocked, id=12816, stack(0x000000e582800000,0x000000e582900000)]
  0x0000025476cf5000 JavaThread "Unconstrained build operations Thread 28" [_thread_blocked, id=15612, stack(0x000000e582900000,0x000000e582a00000)]
  0x0000025476cf0000 JavaThread "Unconstrained build operations Thread 29" [_thread_blocked, id=4260, stack(0x000000e582a00000,0x000000e582b00000)]
  0x0000025476cf1000 JavaThread "Unconstrained build operations Thread 30" [_thread_blocked, id=21572, stack(0x000000e582b00000,0x000000e582c00000)]
  0x0000025476cf6800 JavaThread "Unconstrained build operations Thread 31" [_thread_blocked, id=6336, stack(0x000000e582c00000,0x000000e582d00000)]
  0x0000025476cf7800 JavaThread "Unconstrained build operations Thread 32" [_thread_blocked, id=3960, stack(0x000000e582d00000,0x000000e582e00000)]
  0x0000025476cf2000 JavaThread "Unconstrained build operations Thread 33" [_thread_blocked, id=22404, stack(0x000000e582f00000,0x000000e583000000)]
  0x0000025476cfa000 JavaThread "Unconstrained build operations Thread 34" [_thread_blocked, id=5832, stack(0x000000e583100000,0x000000e583200000)]
  0x0000025476cfe000 JavaThread "Unconstrained build operations Thread 35" [_thread_blocked, id=21856, stack(0x000000e583200000,0x000000e583300000)]
  0x0000025476cfb000 JavaThread "Unconstrained build operations Thread 36" [_thread_blocked, id=22512, stack(0x000000e583300000,0x000000e583400000)]
  0x0000025476cfb800 JavaThread "Unconstrained build operations Thread 37" [_thread_blocked, id=8992, stack(0x000000e583400000,0x000000e583500000)]
  0x0000025476cfd000 JavaThread "Unconstrained build operations Thread 38" [_thread_blocked, id=20384, stack(0x000000e583500000,0x000000e583600000)]
  0x0000025476cf8800 JavaThread "Unconstrained build operations Thread 39" [_thread_blocked, id=10908, stack(0x000000e583600000,0x000000e583700000)]
  0x0000025476cf9000 JavaThread "Unconstrained build operations Thread 40" [_thread_blocked, id=232, stack(0x000000e583700000,0x000000e583800000)]
  0x000002546f694800 JavaThread "Unconstrained build operations Thread 41" [_thread_blocked, id=5920, stack(0x000000e583800000,0x000000e583900000)]
  0x000002546f698800 JavaThread "Unconstrained build operations Thread 42" [_thread_blocked, id=11764, stack(0x000000e583a00000,0x000000e583b00000)]
  0x000002546f696000 JavaThread "Unconstrained build operations Thread 43" [_thread_blocked, id=15608, stack(0x000000e583b00000,0x000000e583c00000)]
  0x000002546f695000 JavaThread "Unconstrained build operations Thread 44" [_thread_blocked, id=3480, stack(0x000000e583c00000,0x000000e583d00000)]
  0x000002546f692800 JavaThread "Unconstrained build operations Thread 45" [_thread_blocked, id=15544, stack(0x000000e583d00000,0x000000e583e00000)]
  0x000002546f699000 JavaThread "Unconstrained build operations Thread 46" [_thread_blocked, id=15480, stack(0x000000e583e00000,0x000000e583f00000)]
  0x000002546f69a000 JavaThread "Unconstrained build operations Thread 47" [_thread_blocked, id=20308, stack(0x000000e583f00000,0x000000e584000000)]
  0x000002546f69b000 JavaThread "Unconstrained build operations Thread 48" [_thread_blocked, id=14132, stack(0x000000e584000000,0x000000e584100000)]
  0x000002546f69b800 JavaThread "Unconstrained build operations Thread 49" [_thread_blocked, id=11936, stack(0x000000e584100000,0x000000e584200000)]
  0x000002546f69c800 JavaThread "Unconstrained build operations Thread 50" [_thread_blocked, id=5636, stack(0x000000e584200000,0x000000e584300000)]
  0x000002546f697000 JavaThread "Unconstrained build operations Thread 51" [_thread_blocked, id=6140, stack(0x000000e584300000,0x000000e584400000)]
  0x000002546f69d800 JavaThread "Unconstrained build operations Thread 52" [_thread_blocked, id=8384, stack(0x000000e584400000,0x000000e584500000)]
  0x000002546f697800 JavaThread "Unconstrained build operations Thread 53" [_thread_blocked, id=5276, stack(0x000000e584500000,0x000000e584600000)]
  0x000002546f6a0000 JavaThread "Unconstrained build operations Thread 54" [_thread_blocked, id=21940, stack(0x000000e584600000,0x000000e584700000)]
  0x000002546f69e000 JavaThread "Unconstrained build operations Thread 55" [_thread_blocked, id=18236, stack(0x000000e584700000,0x000000e584800000)]
  0x000002546f69f000 JavaThread "Unconstrained build operations Thread 56" [_thread_blocked, id=20144, stack(0x000000e584800000,0x000000e584900000)]
  0x000002546f6a0800 JavaThread "Unconstrained build operations Thread 57" [_thread_blocked, id=16824, stack(0x000000e584900000,0x000000e584a00000)]
  0x000002546f6a1800 JavaThread "Unconstrained build operations Thread 58" [_thread_blocked, id=2632, stack(0x000000e584a00000,0x000000e584b00000)]
  0x0000025470305000 JavaThread "Unconstrained build operations Thread 59" [_thread_blocked, id=8264, stack(0x000000e584b00000,0x000000e584c00000)]
  0x0000025470307800 JavaThread "Unconstrained build operations Thread 60" [_thread_blocked, id=14760, stack(0x000000e584c00000,0x000000e584d00000)]
  0x0000025470308800 JavaThread "build event listener" [_thread_blocked, id=19048, stack(0x000000e584d00000,0x000000e584e00000)]
  0x0000025470309000 JavaThread "included builds" [_thread_blocked, id=17560, stack(0x000000e584e00000,0x000000e584f00000)]
  0x000002547030a000 JavaThread "Execution worker" [_thread_blocked, id=2248, stack(0x000000e585000000,0x000000e585100000)]
  0x0000025470306000 JavaThread "Execution worker Thread 2" [_thread_blocked, id=12796, stack(0x000000e585100000,0x000000e585200000)]
  0x0000025470304000 JavaThread "Execution worker Thread 3" [_thread_blocked, id=4420, stack(0x000000e585200000,0x000000e585300000)]
  0x0000025470306800 JavaThread "Execution worker Thread 4" [_thread_blocked, id=22304, stack(0x000000e585300000,0x000000e585400000)]
  0x000002547030d000 JavaThread "Execution worker Thread 5" [_thread_blocked, id=7792, stack(0x000000e585400000,0x000000e585500000)]
  0x000002547030f000 JavaThread "Cache worker for execution history cache (C:\Users\tylwe\Documents\Free-Chess\.gradle\7.5\executionHistory)" [_thread_blocked, id=17984, stack(0x000000e585500000,0x000000e585600000)]
  0x000002547030b000 JavaThread "Build operations" [_thread_blocked, id=20332, stack(0x000000e585600000,0x000000e585700000)]
  0x000002547030f800 JavaThread "Build operations Thread 2" [_thread_blocked, id=10292, stack(0x000000e585700000,0x000000e585800000)]
  0x0000025470310800 JavaThread "Build operations Thread 3" [_thread_blocked, id=17476, stack(0x000000e585800000,0x000000e585900000)]
  0x000002547030b800 JavaThread "Build operations Thread 4" [_thread_blocked, id=14976, stack(0x000000e585900000,0x000000e585a00000)]
  0x000002547030e000 JavaThread "Build operations Thread 5" [_thread_blocked, id=21560, stack(0x000000e585a00000,0x000000e585b00000)]
  0x000002546fe5d000 JavaThread "Build operations Thread 6" [_thread_blocked, id=22440, stack(0x000000e585b00000,0x000000e585c00000)]
  0x000002546fe65000 JavaThread "WorkerExecutor Queue" [_thread_blocked, id=8876, stack(0x000000e585c00000,0x000000e585d00000)]
  0x000002546fe66000 JavaThread "WorkerExecutor Queue Thread 2" [_thread_blocked, id=19012, stack(0x000000e585d00000,0x000000e585e00000)]
  0x000002546fe60000 JavaThread "WorkerExecutor Queue Thread 3" [_thread_new, id=19492, stack(0x000000e585f00000,0x000000e586000000)]
  0x000002546fe66800 JavaThread "WorkerExecutor Queue Thread 4" [_thread_blocked, id=17016, stack(0x000000e586000000,0x000000e586100000)]
  0x000002546fe61000 JavaThread "WorkerExecutor Queue Thread 5" [_thread_blocked, id=4040, stack(0x000000e586100000,0x000000e586200000)]
  0x000002546fe67800 JavaThread "WorkerExecutor Queue Thread 6" [_thread_blocked, id=22388, stack(0x000000e586300000,0x000000e586400000)]
  0x000002546fe6a800 JavaThread "WorkerExecutor Queue Thread 7" [_thread_in_vm, id=20628, stack(0x000000e586400000,0x000000e586500000)]

Other Threads:
  0x000002546bf1a000 VMThread "VM Thread" [stack: 0x000000e5fc400000,0x000000e5fc500000] [id=11708] _threads_hazard_ptr=0x0000025474c467f0
  0x000002546c919800 WatcherThread [stack: 0x000000e5fce00000,0x000000e5fcf00000] [id=13324]
  0x000002544fece000 GCTaskThread "GC Thread#0" [stack: 0x000000e5fbf00000,0x000000e5fc000000] [id=9356]
  0x000002546daad000 GCTaskThread "GC Thread#1" [stack: 0x000000e5fd000000,0x000000e5fd100000] [id=4268]
  0x000002546d7e6000 GCTaskThread "GC Thread#2" [stack: 0x000000e5fd100000,0x000000e5fd200000] [id=10704]
  0x000002546d87a800 GCTaskThread "GC Thread#3" [stack: 0x000000e5fd200000,0x000000e5fd300000] [id=2940]
  0x000002546da72000 GCTaskThread "GC Thread#4" [stack: 0x000000e5fd300000,0x000000e5fd400000] [id=3276]
  0x000002546da72800 GCTaskThread "GC Thread#5" [stack: 0x000000e5fd400000,0x000000e5fd500000] [id=18564]
  0x000002544ff00800 ConcurrentGCThread "G1 Main Marker" [stack: 0x000000e5fc000000,0x000000e5fc100000] [id=5192]
  0x000002544ff02800 ConcurrentGCThread "G1 Conc#0" [stack: 0x000000e5fc100000,0x000000e5fc200000] [id=2308]
  0x000002546e033000 ConcurrentGCThread "G1 Conc#1" [stack: 0x000000e5fe000000,0x000000e5fe100000] [id=2060]
  0x000002546bd94800 ConcurrentGCThread "G1 Refine#0" [stack: 0x000000e5fc200000,0x000000e5fc300000] [id=8636]
  0x000002547223c000 ConcurrentGCThread "G1 Refine#1" [stack: 0x000000e585e00000,0x000000e585f00000] [id=21420]
  0x000002546bd95000 ConcurrentGCThread "G1 Young RemSet Sampling" [stack: 0x000000e5fc300000,0x000000e5fc400000] [id=10880]

Threads with active compile tasks:
C2 CompilerThread0  11913094 44684 %     4       com.sun.tools.javac.jvm.ClassWriter::writePool @ 18 (1179 bytes)

VM state:synchronizing (normal execution)

VM Mutex/Monitor currently owned by a thread:  ([mutex/lock_event])
[0x000002544feaf5e0] Safepoint_lock - owner thread: 0x000002546bf1a000
[0x000002544feb0bd0] Threads_lock - owner thread: 0x000002546bf1a000

Heap address: 0x0000000080000000, size: 2048 MB, Compressed Oops mode: 32-bit
Narrow klass base: 0x0000000000000000, Narrow klass shift: 3
Compressed class space size: 1073741824 Address: 0x0000000100000000

Heap:
 garbage-first heap   total 262144K, used 157120K [0x0000000080000000, 0x0000000100000000)
  region size 1024K, 58 young (59392K), 12 survivors (12288K)
 Metaspace       used 147164K, capacity 152364K, committed 153204K, reserved 1183744K
  class space    used 17465K, capacity 19362K, committed 19712K, reserved 1048576K
Heap Regions: E=young(eden), S=young(survivor), O=old, HS=humongous(starts), HC=humongous(continues), CS=collection set, F=free, A=archive, TAMS=top-at-mark-start (previous, next)
|   0|0x0000000080000000, 0x0000000080100000, 0x0000000080100000|100%| O|  |TAMS 0x0000000080100000, 0x0000000080000000| Complete 
|   1|0x0000000080100000, 0x0000000080200000, 0x0000000080200000|100%| O|  |TAMS 0x0000000080200000, 0x0000000080100000| Complete 
|   2|0x0000000080200000, 0x0000000080300000, 0x0000000080300000|100%| O|  |TAMS 0x0000000080300000, 0x0000000080200000| Untracked 
|   3|0x0000000080300000, 0x0000000080400000, 0x0000000080400000|100%|HS|  |TAMS 0x0000000080400000, 0x0000000080300000| Complete 
|   4|0x0000000080400000, 0x0000000080500000, 0x0000000080500000|100%|HC|  |TAMS 0x0000000080500000, 0x0000000080400000| Complete 
|   5|0x0000000080500000, 0x0000000080600000, 0x0000000080600000|100%|HC|  |TAMS 0x0000000080600000, 0x0000000080500000| Complete 
|   6|0x0000000080600000, 0x0000000080700000, 0x0000000080700000|100%| O|  |TAMS 0x0000000080700000, 0x0000000080600000| Untracked 
|   7|0x0000000080700000, 0x0000000080800000, 0x0000000080800000|100%| O|  |TAMS 0x0000000080800000, 0x0000000080700000| Untracked 
|   8|0x0000000080800000, 0x0000000080900000, 0x0000000080900000|100%| O|  |TAMS 0x0000000080900000, 0x0000000080800000| Untracked 
|   9|0x0000000080900000, 0x0000000080a00000, 0x0000000080a00000|100%| O|  |TAMS 0x0000000080a00000, 0x0000000080900000| Untracked 
|  10|0x0000000080a00000, 0x0000000080b00000, 0x0000000080b00000|100%| O|  |TAMS 0x0000000080b00000, 0x0000000080a00000| Untracked 
|  11|0x0000000080b00000, 0x0000000080c00000, 0x0000000080c00000|100%| O|  |TAMS 0x0000000080c00000, 0x0000000080b00000| Complete 
|  12|0x0000000080c00000, 0x0000000080d00000, 0x0000000080d00000|100%| O|  |TAMS 0x0000000080d00000, 0x0000000080c00000| Untracked 
|  13|0x0000000080d00000, 0x0000000080e00000, 0x0000000080e00000|100%| O|  |TAMS 0x0000000080e00000, 0x0000000080d00000| Complete 
|  14|0x0000000080e00000, 0x0000000080f00000, 0x0000000080f00000|100%| O|  |TAMS 0x0000000080f00000, 0x0000000080e00000| Untracked 
|  15|0x0000000080f00000, 0x0000000081000000, 0x0000000081000000|100%| O|  |TAMS 0x0000000081000000, 0x0000000080f00000| Untracked 
|  16|0x0000000081000000, 0x0000000081100000, 0x0000000081100000|100%| O|  |TAMS 0x0000000081100000, 0x0000000081000000| Untracked 
|  17|0x0000000081100000, 0x0000000081200000, 0x0000000081200000|100%|HS|  |TAMS 0x0000000081200000, 0x0000000081100000| Complete 
|  18|0x0000000081200000, 0x0000000081300000, 0x0000000081300000|100%|HS|  |TAMS 0x0000000081300000, 0x0000000081200000| Complete 
|  19|0x0000000081300000, 0x0000000081400000, 0x0000000081400000|100%| O|  |TAMS 0x0000000081400000, 0x0000000081300000| Complete 
|  20|0x0000000081400000, 0x0000000081500000, 0x0000000081500000|100%| O|  |TAMS 0x0000000081500000, 0x0000000081400000| Complete 
|  21|0x0000000081500000, 0x0000000081600000, 0x0000000081600000|100%| O|  |TAMS 0x0000000081600000, 0x0000000081500000| Untracked 
|  22|0x0000000081600000, 0x0000000081700000, 0x0000000081700000|100%| O|  |TAMS 0x0000000081700000, 0x0000000081600000| Untracked 
|  23|0x0000000081700000, 0x0000000081800000, 0x0000000081800000|100%| O|  |TAMS 0x0000000081800000, 0x0000000081700000| Complete 
|  24|0x0000000081800000, 0x0000000081900000, 0x0000000081900000|100%| O|  |TAMS 0x0000000081900000, 0x0000000081800000| Complete 
|  25|0x0000000081900000, 0x0000000081a00000, 0x0000000081a00000|100%| O|  |TAMS 0x0000000081a00000, 0x0000000081900000| Complete 
|  26|0x0000000081a00000, 0x0000000081b00000, 0x0000000081b00000|100%| O|  |TAMS 0x0000000081b00000, 0x0000000081a00000| Complete 
|  27|0x0000000081b00000, 0x0000000081c00000, 0x0000000081c00000|100%| O|  |TAMS 0x0000000081c00000, 0x0000000081b00000| Complete 
|  28|0x0000000081c00000, 0x0000000081d00000, 0x0000000081d00000|100%| O|  |TAMS 0x0000000081d00000, 0x0000000081c00000| Untracked 
|  29|0x0000000081d00000, 0x0000000081e00000, 0x0000000081e00000|100%| O|  |TAMS 0x0000000081e00000, 0x0000000081d00000| Untracked 
|  30|0x0000000081e00000, 0x0000000081f00000, 0x0000000081f00000|100%| O|  |TAMS 0x0000000081f00000, 0x0000000081e00000| Complete 
|  31|0x0000000081f00000, 0x0000000082000000, 0x0000000082000000|100%| O|  |TAMS 0x0000000082000000, 0x0000000081f00000| Complete 
|  32|0x0000000082000000, 0x0000000082100000, 0x0000000082100000|100%| O|  |TAMS 0x0000000082100000, 0x0000000082000000| Complete 
|  33|0x0000000082100000, 0x0000000082200000, 0x0000000082200000|100%| O|  |TAMS 0x0000000082200000, 0x0000000082100000| Complete 
|  34|0x0000000082200000, 0x0000000082300000, 0x0000000082300000|100%| O|  |TAMS 0x0000000082300000, 0x0000000082200000| Complete 
|  35|0x0000000082300000, 0x0000000082400000, 0x0000000082400000|100%| O|  |TAMS 0x0000000082400000, 0x0000000082300000| Complete 
|  36|0x0000000082400000, 0x0000000082500000, 0x0000000082500000|100%| O|  |TAMS 0x0000000082500000, 0x0000000082400000| Complete 
|  37|0x0000000082500000, 0x0000000082600000, 0x0000000082600000|100%| O|  |TAMS 0x0000000082600000, 0x0000000082500000| Untracked 
|  38|0x0000000082600000, 0x0000000082700000, 0x0000000082700000|100%| O|  |TAMS 0x0000000082700000, 0x0000000082600000| Complete 
|  39|0x0000000082700000, 0x0000000082800000, 0x0000000082800000|100%| O|  |TAMS 0x0000000082800000, 0x0000000082700000| Complete 
|  40|0x0000000082800000, 0x0000000082900000, 0x0000000082900000|100%| O|  |TAMS 0x0000000082900000, 0x0000000082800000| Untracked 
|  41|0x0000000082900000, 0x0000000082a00000, 0x0000000082a00000|100%| O|  |TAMS 0x0000000082a00000, 0x0000000082900000| Untracked 
|  42|0x0000000082a00000, 0x0000000082b00000, 0x0000000082b00000|100%| O|  |TAMS 0x0000000082b00000, 0x0000000082a00000| Untracked 
|  43|0x0000000082b00000, 0x0000000082c00000, 0x0000000082c00000|100%| O|  |TAMS 0x0000000082c00000, 0x0000000082b00000| Complete 
|  44|0x0000000082c00000, 0x0000000082d00000, 0x0000000082d00000|100%| O|  |TAMS 0x0000000082d00000, 0x0000000082c00000| Untracked 
|  45|0x0000000082d00000, 0x0000000082d00000, 0x0000000082e00000|  0%| F|  |TAMS 0x0000000082d00000, 0x0000000082d00000| Untracked 
|  46|0x0000000082e00000, 0x0000000082f00000, 0x0000000082f00000|100%| O|  |TAMS 0x0000000082f00000, 0x0000000082e00000| Untracked 
|  47|0x0000000082f00000, 0x0000000083000000, 0x0000000083000000|100%| O|  |TAMS 0x0000000083000000, 0x0000000082f00000| Complete 
|  48|0x0000000083000000, 0x0000000083100000, 0x0000000083100000|100%| O|  |TAMS 0x0000000083100000, 0x0000000083000000| Complete 
|  49|0x0000000083100000, 0x0000000083200000, 0x0000000083200000|100%|HS|  |TAMS 0x0000000083100000, 0x0000000083100000| Complete 
|  50|0x0000000083200000, 0x0000000083300000, 0x0000000083300000|100%|HC|  |TAMS 0x0000000083200000, 0x0000000083200000| Complete 
|  51|0x0000000083300000, 0x0000000083400000, 0x0000000083400000|100%| O|  |TAMS 0x0000000083400000, 0x0000000083300000| Complete 
|  52|0x0000000083400000, 0x0000000083400000, 0x0000000083500000|  0%| F|  |TAMS 0x0000000083400000, 0x0000000083400000| Untracked 
|  53|0x0000000083500000, 0x0000000083600000, 0x0000000083600000|100%| O|  |TAMS 0x0000000083600000, 0x0000000083500000| Complete 
|  54|0x0000000083600000, 0x0000000083700000, 0x0000000083700000|100%| O|  |TAMS 0x0000000083700000, 0x0000000083600000| Complete 
|  55|0x0000000083700000, 0x0000000083700000, 0x0000000083800000|  0%| F|  |TAMS 0x0000000083700000, 0x0000000083700000| Untracked 
|  56|0x0000000083800000, 0x0000000083800000, 0x0000000083900000|  0%| F|  |TAMS 0x0000000083800000, 0x0000000083800000| Untracked 
|  57|0x0000000083900000, 0x0000000083a00000, 0x0000000083a00000|100%| O|  |TAMS 0x0000000083a00000, 0x0000000083900000| Complete 
|  58|0x0000000083a00000, 0x0000000083a00000, 0x0000000083b00000|  0%| F|  |TAMS 0x0000000083a00000, 0x0000000083a00000| Untracked 
|  59|0x0000000083b00000, 0x0000000083c00000, 0x0000000083c00000|100%| O|  |TAMS 0x0000000083c00000, 0x0000000083b00000| Complete 
|  60|0x0000000083c00000, 0x0000000083d00000, 0x0000000083d00000|100%| O|  |TAMS 0x0000000083d00000, 0x0000000083c00000| Untracked 
|  61|0x0000000083d00000, 0x0000000083e00000, 0x0000000083e00000|100%| O|  |TAMS 0x0000000083e00000, 0x0000000083d00000| Complete 
|  62|0x0000000083e00000, 0x0000000083e00000, 0x0000000083f00000|  0%| F|  |TAMS 0x0000000083e00000, 0x0000000083e00000| Untracked 
|  63|0x0000000083f00000, 0x0000000083f00000, 0x0000000084000000|  0%| F|  |TAMS 0x0000000083f00000, 0x0000000083f00000| Untracked 
|  64|0x0000000084000000, 0x0000000084100000, 0x0000000084100000|100%| O|  |TAMS 0x0000000084100000, 0x0000000084000000| Complete 
|  65|0x0000000084100000, 0x0000000084200000, 0x0000000084200000|100%| O|  |TAMS 0x0000000084200000, 0x0000000084100000| Complete 
|  66|0x0000000084200000, 0x0000000084300000, 0x0000000084300000|100%| O|  |TAMS 0x0000000084300000, 0x0000000084200000| Complete 
|  67|0x0000000084300000, 0x0000000084400000, 0x0000000084400000|100%| O|  |TAMS 0x0000000084400000, 0x0000000084300000| Complete 
|  68|0x0000000084400000, 0x0000000084400000, 0x0000000084500000|  0%| F|  |TAMS 0x0000000084400000, 0x0000000084400000| Untracked 
|  69|0x0000000084500000, 0x0000000084600000, 0x0000000084600000|100%| O|  |TAMS 0x0000000084600000, 0x0000000084500000| Untracked 
|  70|0x0000000084600000, 0x0000000084700000, 0x0000000084700000|100%| O|  |TAMS 0x0000000084700000, 0x0000000084600000| Untracked 
|  71|0x0000000084700000, 0x0000000084800000, 0x0000000084800000|100%| O|  |TAMS 0x0000000084800000, 0x0000000084700000| Untracked 
|  72|0x0000000084800000, 0x0000000084900000, 0x0000000084900000|100%| O|  |TAMS 0x0000000084900000, 0x0000000084800000| Untracked 
|  73|0x0000000084900000, 0x0000000084a00000, 0x0000000084a00000|100%| O|  |TAMS 0x0000000084a00000, 0x0000000084900000| Untracked 
|  74|0x0000000084a00000, 0x0000000084b00000, 0x0000000084b00000|100%| O|  |TAMS 0x0000000084b00000, 0x0000000084a00000| Complete 
|  75|0x0000000084b00000, 0x0000000084c00000, 0x0000000084c00000|100%| O|  |TAMS 0x0000000084c00000, 0x0000000084b00000| Complete 
|  76|0x0000000084c00000, 0x0000000084d00000, 0x0000000084d00000|100%| O|  |TAMS 0x0000000084d00000, 0x0000000084c00000| Complete 
|  77|0x0000000084d00000, 0x0000000084e00000, 0x0000000084e00000|100%| O|  |TAMS 0x0000000084e00000, 0x0000000084d00000| Complete 
|  78|0x0000000084e00000, 0x0000000084f00000, 0x0000000084f00000|100%| O|  |TAMS 0x0000000084f00000, 0x0000000084e00000| Complete 
|  79|0x0000000084f00000, 0x0000000085000000, 0x0000000085000000|100%| O|  |TAMS 0x0000000085000000, 0x0000000084f00000| Untracked 
|  80|0x0000000085000000, 0x0000000085100000, 0x0000000085100000|100%| O|  |TAMS 0x0000000085100000, 0x0000000085000000| Complete 
|  81|0x0000000085100000, 0x0000000085200000, 0x0000000085200000|100%| O|  |TAMS 0x0000000085200000, 0x0000000085100000| Untracked 
|  82|0x0000000085200000, 0x0000000085300000, 0x0000000085300000|100%| O|  |TAMS 0x0000000085300000, 0x0000000085200000| Complete 
|  83|0x0000000085300000, 0x0000000085400000, 0x0000000085400000|100%| O|  |TAMS 0x0000000085400000, 0x0000000085300000| Complete 
|  84|0x0000000085400000, 0x000000008540b400, 0x0000000085500000|  4%| O|  |TAMS 0x000000008540b400, 0x0000000085400000| Untracked 
|  85|0x0000000085500000, 0x0000000085500000, 0x0000000085600000|  0%| F|  |TAMS 0x0000000085500000, 0x0000000085500000| Untracked 
|  86|0x0000000085600000, 0x0000000085700000, 0x0000000085700000|100%| O|  |TAMS 0x0000000085700000, 0x0000000085600000| Complete 
|  87|0x0000000085700000, 0x0000000085800000, 0x0000000085800000|100%| O|  |TAMS 0x0000000085800000, 0x0000000085700000| Complete 
|  88|0x0000000085800000, 0x0000000085800000, 0x0000000085900000|  0%| F|  |TAMS 0x0000000085800000, 0x0000000085800000| Untracked 
|  89|0x0000000085900000, 0x0000000085a00000, 0x0000000085a00000|100%| O|  |TAMS 0x0000000085a00000, 0x0000000085900000| Complete 
|  90|0x0000000085a00000, 0x0000000085b00000, 0x0000000085b00000|100%| O|  |TAMS 0x0000000085b00000, 0x0000000085a00000| Complete 
|  91|0x0000000085b00000, 0x0000000085c00000, 0x0000000085c00000|100%| O|  |TAMS 0x0000000085c00000, 0x0000000085b00000| Untracked 
|  92|0x0000000085c00000, 0x0000000085d00000, 0x0000000085d00000|100%| O|  |TAMS 0x0000000085d00000, 0x0000000085c00000| Untracked 
|  93|0x0000000085d00000, 0x0000000085e00000, 0x0000000085e00000|100%| O|  |TAMS 0x0000000085e00000, 0x0000000085d00000| Untracked 
|  94|0x0000000085e00000, 0x0000000085f00000, 0x0000000085f00000|100%| O|  |TAMS 0x0000000085f00000, 0x0000000085e00000| Complete 
|  95|0x0000000085f00000, 0x0000000086000000, 0x0000000086000000|100%| O|  |TAMS 0x0000000086000000, 0x0000000085f00000| Complete 
|  96|0x0000000086000000, 0x0000000086100000, 0x0000000086100000|100%| O|  |TAMS 0x0000000086100000, 0x0000000086000000| Complete 
|  97|0x0000000086100000, 0x0000000086200000, 0x0000000086200000|100%| O|  |TAMS 0x0000000086200000, 0x0000000086100000| Untracked 
|  98|0x0000000086200000, 0x0000000086200000, 0x0000000086300000|  0%| F|  |TAMS 0x0000000086200000, 0x0000000086200000| Untracked 
|  99|0x0000000086300000, 0x0000000086300000, 0x0000000086400000|  0%| F|  |TAMS 0x0000000086300000, 0x0000000086300000| Untracked 
| 100|0x0000000086400000, 0x0000000086500000, 0x0000000086500000|100%| O|  |TAMS 0x0000000086500000, 0x0000000086400000| Complete 
| 101|0x0000000086500000, 0x0000000086500000, 0x0000000086600000|  0%| F|  |TAMS 0x0000000086500000, 0x0000000086500000| Untracked 
| 102|0x0000000086600000, 0x0000000086600000, 0x0000000086700000|  0%| F|  |TAMS 0x0000000086600000, 0x0000000086600000| Untracked 
| 103|0x0000000086700000, 0x0000000086800000, 0x0000000086800000|100%| O|  |TAMS 0x0000000086800000, 0x0000000086700000| Complete 
| 104|0x0000000086800000, 0x0000000086900000, 0x0000000086900000|100%| O|  |TAMS 0x0000000086900000, 0x0000000086800000| Untracked 
| 105|0x0000000086900000, 0x0000000086900000, 0x0000000086a00000|  0%| F|  |TAMS 0x0000000086900000, 0x0000000086900000| Untracked 
| 106|0x0000000086a00000, 0x0000000086b00000, 0x0000000086b00000|100%| O|  |TAMS 0x0000000086b00000, 0x0000000086a00000| Complete 
| 107|0x0000000086b00000, 0x0000000086b00000, 0x0000000086c00000|  0%| F|  |TAMS 0x0000000086b00000, 0x0000000086b00000| Untracked 
| 108|0x0000000086c00000, 0x0000000086c00000, 0x0000000086d00000|  0%| F|  |TAMS 0x0000000086c00000, 0x0000000086c00000| Untracked 
| 109|0x0000000086d00000, 0x0000000086e00000, 0x0000000086e00000|100%| O|  |TAMS 0x0000000086e00000, 0x0000000086d00000| Untracked 
| 110|0x0000000086e00000, 0x0000000086f00000, 0x0000000086f00000|100%| O|  |TAMS 0x0000000086f00000, 0x0000000086e00000| Untracked 
| 111|0x0000000086f00000, 0x0000000086f00000, 0x0000000087000000|  0%| F|  |TAMS 0x0000000086f00000, 0x0000000086f00000| Untracked 
| 112|0x0000000087000000, 0x0000000087000000, 0x0000000087100000|  0%| F|  |TAMS 0x0000000087000000, 0x0000000087000000| Untracked 
| 113|0x0000000087100000, 0x0000000087100000, 0x0000000087200000|  0%| F|  |TAMS 0x0000000087100000, 0x0000000087100000| Untracked 
| 114|0x0000000087200000, 0x0000000087200000, 0x0000000087300000|  0%| F|  |TAMS 0x0000000087200000, 0x0000000087200000| Untracked 
| 115|0x0000000087300000, 0x0000000087300000, 0x0000000087400000|  0%| F|  |TAMS 0x0000000087300000, 0x0000000087300000| Untracked 
| 116|0x0000000087400000, 0x0000000087400000, 0x0000000087500000|  0%| F|  |TAMS 0x0000000087400000, 0x0000000087400000| Untracked 
| 117|0x0000000087500000, 0x0000000087500000, 0x0000000087600000|  0%| F|  |TAMS 0x0000000087500000, 0x0000000087500000| Untracked 
| 118|0x0000000087600000, 0x0000000087600000, 0x0000000087700000|  0%| F|  |TAMS 0x0000000087600000, 0x0000000087600000| Untracked 
| 119|0x0000000087700000, 0x0000000087700000, 0x0000000087800000|  0%| F|  |TAMS 0x0000000087700000, 0x0000000087700000| Untracked 
| 120|0x0000000087800000, 0x0000000087900000, 0x0000000087900000|100%| O|  |TAMS 0x0000000087900000, 0x0000000087800000| Complete 
| 121|0x0000000087900000, 0x0000000087a00000, 0x0000000087a00000|100%| O|  |TAMS 0x0000000087a00000, 0x0000000087900000| Complete 
| 122|0x0000000087a00000, 0x0000000087b00000, 0x0000000087b00000|100%| O|  |TAMS 0x0000000087b00000, 0x0000000087a00000| Complete 
| 123|0x0000000087b00000, 0x0000000087c00000, 0x0000000087c00000|100%| O|  |TAMS 0x0000000087c00000, 0x0000000087b00000| Complete 
| 124|0x0000000087c00000, 0x0000000087c00000, 0x0000000087d00000|  0%| F|  |TAMS 0x0000000087c00000, 0x0000000087c00000| Untracked 
| 125|0x0000000087d00000, 0x0000000087d00000, 0x0000000087e00000|  0%| F|  |TAMS 0x0000000087d00000, 0x0000000087d00000| Untracked 
| 126|0x0000000087e00000, 0x0000000087e00000, 0x0000000087f00000|  0%| F|  |TAMS 0x0000000087e00000, 0x0000000087e00000| Untracked 
| 127|0x0000000087f00000, 0x0000000087f00000, 0x0000000088000000|  0%| F|  |TAMS 0x0000000087f00000, 0x0000000087f00000| Untracked 
| 128|0x0000000088000000, 0x0000000088000000, 0x0000000088100000|  0%| F|  |TAMS 0x0000000088000000, 0x0000000088000000| Untracked 
| 129|0x0000000088100000, 0x0000000088100000, 0x0000000088200000|  0%| F|  |TAMS 0x0000000088100000, 0x0000000088100000| Untracked 
| 130|0x0000000088200000, 0x0000000088200000, 0x0000000088300000|  0%| F|  |TAMS 0x0000000088200000, 0x0000000088200000| Untracked 
| 131|0x0000000088300000, 0x0000000088300000, 0x0000000088400000|  0%| F|  |TAMS 0x0000000088300000, 0x0000000088300000| Untracked 
| 132|0x0000000088400000, 0x0000000088400000, 0x0000000088500000|  0%| F|  |TAMS 0x0000000088400000, 0x0000000088400000| Untracked 
| 133|0x0000000088500000, 0x0000000088500000, 0x0000000088600000|  0%| F|  |TAMS 0x0000000088500000, 0x0000000088500000| Untracked 
| 134|0x0000000088600000, 0x0000000088600000, 0x0000000088700000|  0%| F|  |TAMS 0x0000000088600000, 0x0000000088600000| Untracked 
| 135|0x0000000088700000, 0x0000000088700000, 0x0000000088800000|  0%| F|  |TAMS 0x0000000088700000, 0x0000000088700000| Untracked 
| 136|0x0000000088800000, 0x0000000088800000, 0x0000000088900000|  0%| F|  |TAMS 0x0000000088800000, 0x0000000088800000| Untracked 
| 137|0x0000000088900000, 0x0000000088900000, 0x0000000088a00000|  0%| F|  |TAMS 0x0000000088900000, 0x0000000088900000| Untracked 
| 138|0x0000000088a00000, 0x0000000088a00000, 0x0000000088b00000|  0%| F|  |TAMS 0x0000000088a00000, 0x0000000088a00000| Untracked 
| 139|0x0000000088b00000, 0x0000000088c00000, 0x0000000088c00000|100%| O|  |TAMS 0x0000000088c00000, 0x0000000088b00000| Complete 
| 140|0x0000000088c00000, 0x0000000088c00000, 0x0000000088d00000|  0%| F|  |TAMS 0x0000000088c00000, 0x0000000088c00000| Untracked 
| 141|0x0000000088d00000, 0x0000000088d00000, 0x0000000088e00000|  0%| F|  |TAMS 0x0000000088d00000, 0x0000000088d00000| Untracked 
| 142|0x0000000088e00000, 0x0000000088e00000, 0x0000000088f00000|  0%| F|  |TAMS 0x0000000088e00000, 0x0000000088e00000| Untracked 
| 143|0x0000000088f00000, 0x0000000088f00000, 0x0000000089000000|  0%| F|  |TAMS 0x0000000088f00000, 0x0000000088f00000| Untracked 
| 144|0x0000000089000000, 0x0000000089000000, 0x0000000089100000|  0%| F|  |TAMS 0x0000000089000000, 0x0000000089000000| Untracked 
| 145|0x0000000089100000, 0x0000000089100000, 0x0000000089200000|  0%| F|  |TAMS 0x0000000089100000, 0x0000000089100000| Untracked 
| 146|0x0000000089200000, 0x0000000089200000, 0x0000000089300000|  0%| F|  |TAMS 0x0000000089200000, 0x0000000089200000| Untracked 
| 147|0x0000000089300000, 0x0000000089300000, 0x0000000089400000|  0%| F|  |TAMS 0x0000000089300000, 0x0000000089300000| Untracked 
| 148|0x0000000089400000, 0x0000000089400000, 0x0000000089500000|  0%| F|  |TAMS 0x0000000089400000, 0x0000000089400000| Untracked 
| 149|0x0000000089500000, 0x0000000089500000, 0x0000000089600000|  0%| F|  |TAMS 0x0000000089500000, 0x0000000089500000| Untracked 
| 150|0x0000000089600000, 0x0000000089600000, 0x0000000089700000|  0%| F|  |TAMS 0x0000000089600000, 0x0000000089600000| Untracked 
| 151|0x0000000089700000, 0x0000000089700000, 0x0000000089800000|  0%| F|  |TAMS 0x0000000089700000, 0x0000000089700000| Untracked 
| 152|0x0000000089800000, 0x0000000089800000, 0x0000000089900000|  0%| F|  |TAMS 0x0000000089800000, 0x0000000089800000| Untracked 
| 153|0x0000000089900000, 0x0000000089900000, 0x0000000089a00000|  0%| F|  |TAMS 0x0000000089900000, 0x0000000089900000| Untracked 
| 154|0x0000000089a00000, 0x0000000089a00000, 0x0000000089b00000|  0%| F|  |TAMS 0x0000000089a00000, 0x0000000089a00000| Untracked 
| 155|0x0000000089b00000, 0x0000000089b00000, 0x0000000089c00000|  0%| F|  |TAMS 0x0000000089b00000, 0x0000000089b00000| Untracked 
| 156|0x0000000089c00000, 0x0000000089c00000, 0x0000000089d00000|  0%| F|  |TAMS 0x0000000089c00000, 0x0000000089c00000| Untracked 
| 157|0x0000000089d00000, 0x0000000089d00000, 0x0000000089e00000|  0%| F|  |TAMS 0x0000000089d00000, 0x0000000089d00000| Untracked 
| 158|0x0000000089e00000, 0x0000000089e00000, 0x0000000089f00000|  0%| F|  |TAMS 0x0000000089e00000, 0x0000000089e00000| Untracked 
| 159|0x0000000089f00000, 0x0000000089f00000, 0x000000008a000000|  0%| F|  |TAMS 0x0000000089f00000, 0x0000000089f00000| Untracked 
| 160|0x000000008a000000, 0x000000008a000000, 0x000000008a100000|  0%| F|  |TAMS 0x000000008a000000, 0x000000008a000000| Untracked 
| 161|0x000000008a100000, 0x000000008a100000, 0x000000008a200000|  0%| F|  |TAMS 0x000000008a100000, 0x000000008a100000| Untracked 
| 162|0x000000008a200000, 0x000000008a200000, 0x000000008a300000|  0%| F|  |TAMS 0x000000008a200000, 0x000000008a200000| Untracked 
| 163|0x000000008a300000, 0x000000008a300000, 0x000000008a400000|  0%| F|  |TAMS 0x000000008a300000, 0x000000008a300000| Untracked 
| 164|0x000000008a400000, 0x000000008a464ed0, 0x000000008a500000| 39%| S|CS|TAMS 0x000000008a400000, 0x000000008a400000| Complete 
| 165|0x000000008a500000, 0x000000008a600000, 0x000000008a600000|100%| S|CS|TAMS 0x000000008a500000, 0x000000008a500000| Complete 
| 166|0x000000008a600000, 0x000000008a700000, 0x000000008a700000|100%| S|CS|TAMS 0x000000008a600000, 0x000000008a600000| Complete 
| 167|0x000000008a700000, 0x000000008a800000, 0x000000008a800000|100%| S|CS|TAMS 0x000000008a700000, 0x000000008a700000| Complete 
| 168|0x000000008a800000, 0x000000008a900000, 0x000000008a900000|100%| S|CS|TAMS 0x000000008a800000, 0x000000008a800000| Complete 
| 169|0x000000008a900000, 0x000000008aa00000, 0x000000008aa00000|100%| S|CS|TAMS 0x000000008a900000, 0x000000008a900000| Complete 
| 170|0x000000008aa00000, 0x000000008ab00000, 0x000000008ab00000|100%| S|CS|TAMS 0x000000008aa00000, 0x000000008aa00000| Complete 
| 171|0x000000008ab00000, 0x000000008ac00000, 0x000000008ac00000|100%| S|CS|TAMS 0x000000008ab00000, 0x000000008ab00000| Complete 
| 172|0x000000008ac00000, 0x000000008ad00000, 0x000000008ad00000|100%| S|CS|TAMS 0x000000008ac00000, 0x000000008ac00000| Complete 
| 173|0x000000008ad00000, 0x000000008ae00000, 0x000000008ae00000|100%| S|CS|TAMS 0x000000008ad00000, 0x000000008ad00000| Complete 
| 174|0x000000008ae00000, 0x000000008af00000, 0x000000008af00000|100%| S|CS|TAMS 0x000000008ae00000, 0x000000008ae00000| Complete 
| 175|0x000000008af00000, 0x000000008b000000, 0x000000008b000000|100%| S|CS|TAMS 0x000000008af00000, 0x000000008af00000| Complete 
| 176|0x000000008b000000, 0x000000008b000000, 0x000000008b100000|  0%| F|  |TAMS 0x000000008b000000, 0x000000008b000000| Untracked 
| 177|0x000000008b100000, 0x000000008b100000, 0x000000008b200000|  0%| F|  |TAMS 0x000000008b100000, 0x000000008b100000| Untracked 
| 178|0x000000008b200000, 0x000000008b200000, 0x000000008b300000|  0%| F|  |TAMS 0x000000008b200000, 0x000000008b200000| Untracked 
| 179|0x000000008b300000, 0x000000008b300000, 0x000000008b400000|  0%| F|  |TAMS 0x000000008b300000, 0x000000008b300000| Untracked 
| 180|0x000000008b400000, 0x000000008b400000, 0x000000008b500000|  0%| F|  |TAMS 0x000000008b400000, 0x000000008b400000| Untracked 
| 181|0x000000008b500000, 0x000000008b500000, 0x000000008b600000|  0%| F|  |TAMS 0x000000008b500000, 0x000000008b500000| Untracked 
| 182|0x000000008b600000, 0x000000008b600000, 0x000000008b700000|  0%| F|  |TAMS 0x000000008b600000, 0x000000008b600000| Untracked 
| 183|0x000000008b700000, 0x000000008b700000, 0x000000008b800000|  0%| F|  |TAMS 0x000000008b700000, 0x000000008b700000| Untracked 
| 184|0x000000008b800000, 0x000000008b800000, 0x000000008b900000|  0%| F|  |TAMS 0x000000008b800000, 0x000000008b800000| Untracked 
| 185|0x000000008b900000, 0x000000008b900000, 0x000000008ba00000|  0%| F|  |TAMS 0x000000008b900000, 0x000000008b900000| Untracked 
| 186|0x000000008ba00000, 0x000000008ba00000, 0x000000008bb00000|  0%| F|  |TAMS 0x000000008ba00000, 0x000000008ba00000| Untracked 
| 187|0x000000008bb00000, 0x000000008bb00000, 0x000000008bc00000|  0%| F|  |TAMS 0x000000008bb00000, 0x000000008bb00000| Untracked 
| 188|0x000000008bc00000, 0x000000008bc00000, 0x000000008bd00000|  0%| F|  |TAMS 0x000000008bc00000, 0x000000008bc00000| Untracked 
| 189|0x000000008bd00000, 0x000000008bd00000, 0x000000008be00000|  0%| F|  |TAMS 0x000000008bd00000, 0x000000008bd00000| Untracked 
| 190|0x000000008be00000, 0x000000008be00000, 0x000000008bf00000|  0%| F|  |TAMS 0x000000008be00000, 0x000000008be00000| Untracked 
| 191|0x000000008bf00000, 0x000000008bf00000, 0x000000008c000000|  0%| F|  |TAMS 0x000000008bf00000, 0x000000008bf00000| Untracked 
| 192|0x000000008c000000, 0x000000008c000000, 0x000000008c100000|  0%| F|  |TAMS 0x000000008c000000, 0x000000008c000000| Untracked 
| 193|0x000000008c100000, 0x000000008c100000, 0x000000008c200000|  0%| F|  |TAMS 0x000000008c100000, 0x000000008c100000| Untracked 
| 194|0x000000008c200000, 0x000000008c200000, 0x000000008c300000|  0%| F|  |TAMS 0x000000008c200000, 0x000000008c200000| Untracked 
| 195|0x000000008c300000, 0x000000008c300000, 0x000000008c400000|  0%| F|  |TAMS 0x000000008c300000, 0x000000008c300000| Untracked 
| 196|0x000000008c400000, 0x000000008c400000, 0x000000008c500000|  0%| F|  |TAMS 0x000000008c400000, 0x000000008c400000| Untracked 
| 197|0x000000008c500000, 0x000000008c500000, 0x000000008c600000|  0%| F|  |TAMS 0x000000008c500000, 0x000000008c500000| Untracked 
| 198|0x000000008c600000, 0x000000008c600000, 0x000000008c700000|  0%| F|  |TAMS 0x000000008c600000, 0x000000008c600000| Untracked 
| 199|0x000000008c700000, 0x000000008c700000, 0x000000008c800000|  0%| F|  |TAMS 0x000000008c700000, 0x000000008c700000| Untracked 
| 200|0x000000008c800000, 0x000000008c800000, 0x000000008c900000|  0%| F|  |TAMS 0x000000008c800000, 0x000000008c800000| Untracked 
| 201|0x000000008c900000, 0x000000008c900000, 0x000000008ca00000|  0%| F|  |TAMS 0x000000008c900000, 0x000000008c900000| Untracked 
| 202|0x000000008ca00000, 0x000000008ca00000, 0x000000008cb00000|  0%| F|  |TAMS 0x000000008ca00000, 0x000000008ca00000| Untracked 
| 203|0x000000008cb00000, 0x000000008cb00000, 0x000000008cc00000|  0%| F|  |TAMS 0x000000008cb00000, 0x000000008cb00000| Untracked 
| 204|0x000000008cc00000, 0x000000008cc00000, 0x000000008cd00000|  0%| F|  |TAMS 0x000000008cc00000, 0x000000008cc00000| Untracked 
| 205|0x000000008cd00000, 0x000000008cd00000, 0x000000008ce00000|  0%| F|  |TAMS 0x000000008cd00000, 0x000000008cd00000| Untracked 
| 206|0x000000008ce00000, 0x000000008ce00000, 0x000000008cf00000|  0%| F|  |TAMS 0x000000008ce00000, 0x000000008ce00000| Untracked 
| 207|0x000000008cf00000, 0x000000008cf00000, 0x000000008d000000|  0%| F|  |TAMS 0x000000008cf00000, 0x000000008cf00000| Untracked 
| 208|0x000000008d000000, 0x000000008d000000, 0x000000008d100000|  0%| F|  |TAMS 0x000000008d000000, 0x000000008d000000| Untracked 
| 209|0x000000008d100000, 0x000000008d100000, 0x000000008d200000|  0%| F|  |TAMS 0x000000008d100000, 0x000000008d100000| Untracked 
| 210|0x000000008d200000, 0x000000008d279670, 0x000000008d300000| 47%| E|  |TAMS 0x000000008d200000, 0x000000008d200000| Complete 
| 211|0x000000008d300000, 0x000000008d400000, 0x000000008d400000|100%| E|CS|TAMS 0x000000008d300000, 0x000000008d300000| Complete 
| 212|0x000000008d400000, 0x000000008d500000, 0x000000008d500000|100%| E|CS|TAMS 0x000000008d400000, 0x000000008d400000| Complete 
| 213|0x000000008d500000, 0x000000008d600000, 0x000000008d600000|100%| E|CS|TAMS 0x000000008d500000, 0x000000008d500000| Complete 
| 214|0x000000008d600000, 0x000000008d700000, 0x000000008d700000|100%| E|CS|TAMS 0x000000008d600000, 0x000000008d600000| Complete 
| 215|0x000000008d700000, 0x000000008d800000, 0x000000008d800000|100%| E|CS|TAMS 0x000000008d700000, 0x000000008d700000| Complete 
| 216|0x000000008d800000, 0x000000008d900000, 0x000000008d900000|100%| E|CS|TAMS 0x000000008d800000, 0x000000008d800000| Complete 
| 217|0x000000008d900000, 0x000000008da00000, 0x000000008da00000|100%| E|CS|TAMS 0x000000008d900000, 0x000000008d900000| Complete 
| 218|0x000000008da00000, 0x000000008db00000, 0x000000008db00000|100%| E|  |TAMS 0x000000008da00000, 0x000000008da00000| Complete 
| 219|0x000000008db00000, 0x000000008dc00000, 0x000000008dc00000|100%| E|CS|TAMS 0x000000008db00000, 0x000000008db00000| Complete 
| 220|0x000000008dc00000, 0x000000008dd00000, 0x000000008dd00000|100%| E|CS|TAMS 0x000000008dc00000, 0x000000008dc00000| Complete 
| 221|0x000000008dd00000, 0x000000008de00000, 0x000000008de00000|100%| E|CS|TAMS 0x000000008dd00000, 0x000000008dd00000| Complete 
| 222|0x000000008de00000, 0x000000008df00000, 0x000000008df00000|100%| E|CS|TAMS 0x000000008de00000, 0x000000008de00000| Complete 
| 223|0x000000008df00000, 0x000000008e000000, 0x000000008e000000|100%| E|CS|TAMS 0x000000008df00000, 0x000000008df00000| Complete 
| 224|0x000000008e000000, 0x000000008e100000, 0x000000008e100000|100%| E|CS|TAMS 0x000000008e000000, 0x000000008e000000| Complete 
| 225|0x000000008e100000, 0x000000008e200000, 0x000000008e200000|100%| E|CS|TAMS 0x000000008e100000, 0x000000008e100000| Complete 
| 226|0x000000008e200000, 0x000000008e300000, 0x000000008e300000|100%| E|CS|TAMS 0x000000008e200000, 0x000000008e200000| Complete 
| 227|0x000000008e300000, 0x000000008e400000, 0x000000008e400000|100%| E|CS|TAMS 0x000000008e300000, 0x000000008e300000| Complete 
| 228|0x000000008e400000, 0x000000008e500000, 0x000000008e500000|100%| E|CS|TAMS 0x000000008e400000, 0x000000008e400000| Complete 
| 229|0x000000008e500000, 0x000000008e600000, 0x000000008e600000|100%| E|CS|TAMS 0x000000008e500000, 0x000000008e500000| Complete 
| 230|0x000000008e600000, 0x000000008e700000, 0x000000008e700000|100%| E|CS|TAMS 0x000000008e600000, 0x000000008e600000| Complete 
| 231|0x000000008e700000, 0x000000008e800000, 0x000000008e800000|100%| E|CS|TAMS 0x000000008e700000, 0x000000008e700000| Complete 
| 232|0x000000008e800000, 0x000000008e900000, 0x000000008e900000|100%| E|CS|TAMS 0x000000008e800000, 0x000000008e800000| Complete 
| 233|0x000000008e900000, 0x000000008ea00000, 0x000000008ea00000|100%| E|CS|TAMS 0x000000008e900000, 0x000000008e900000| Complete 
| 234|0x000000008ea00000, 0x000000008eb00000, 0x000000008eb00000|100%| E|CS|TAMS 0x000000008ea00000, 0x000000008ea00000| Complete 
| 235|0x000000008eb00000, 0x000000008ec00000, 0x000000008ec00000|100%| E|CS|TAMS 0x000000008eb00000, 0x000000008eb00000| Complete 
| 236|0x000000008ec00000, 0x000000008ed00000, 0x000000008ed00000|100%| E|CS|TAMS 0x000000008ec00000, 0x000000008ec00000| Complete 
| 237|0x000000008ed00000, 0x000000008ee00000, 0x000000008ee00000|100%| E|CS|TAMS 0x000000008ed00000, 0x000000008ed00000| Complete 
| 238|0x000000008ee00000, 0x000000008ef00000, 0x000000008ef00000|100%| E|CS|TAMS 0x000000008ee00000, 0x000000008ee00000| Complete 
| 239|0x000000008ef00000, 0x000000008f000000, 0x000000008f000000|100%| E|CS|TAMS 0x000000008ef00000, 0x000000008ef00000| Complete 
| 240|0x000000008f000000, 0x000000008f100000, 0x000000008f100000|100%| E|CS|TAMS 0x000000008f000000, 0x000000008f000000| Complete 
| 241|0x000000008f100000, 0x000000008f200000, 0x000000008f200000|100%| E|CS|TAMS 0x000000008f100000, 0x000000008f100000| Complete 
| 242|0x000000008f200000, 0x000000008f300000, 0x000000008f300000|100%| E|CS|TAMS 0x000000008f200000, 0x000000008f200000| Complete 
| 243|0x000000008f300000, 0x000000008f400000, 0x000000008f400000|100%| E|CS|TAMS 0x000000008f300000, 0x000000008f300000| Complete 
| 244|0x000000008f400000, 0x000000008f500000, 0x000000008f500000|100%| E|CS|TAMS 0x000000008f400000, 0x000000008f400000| Complete 
| 245|0x000000008f500000, 0x000000008f600000, 0x000000008f600000|100%| E|CS|TAMS 0x000000008f500000, 0x000000008f500000| Complete 
| 246|0x000000008f600000, 0x000000008f700000, 0x000000008f700000|100%| E|CS|TAMS 0x000000008f600000, 0x000000008f600000| Complete 
| 247|0x000000008f700000, 0x000000008f800000, 0x000000008f800000|100%| E|CS|TAMS 0x000000008f700000, 0x000000008f700000| Complete 
| 248|0x000000008f800000, 0x000000008f900000, 0x000000008f900000|100%| E|CS|TAMS 0x000000008f800000, 0x000000008f800000| Complete 
| 249|0x000000008f900000, 0x000000008fa00000, 0x000000008fa00000|100%| E|CS|TAMS 0x000000008f900000, 0x000000008f900000| Complete 
| 250|0x000000008fa00000, 0x000000008fb00000, 0x000000008fb00000|100%| E|CS|TAMS 0x000000008fa00000, 0x000000008fa00000| Complete 
| 251|0x000000008fb00000, 0x000000008fc00000, 0x000000008fc00000|100%| E|CS|TAMS 0x000000008fb00000, 0x000000008fb00000| Complete 
| 252|0x000000008fc00000, 0x000000008fd00000, 0x000000008fd00000|100%| E|CS|TAMS 0x000000008fc00000, 0x000000008fc00000| Complete 
| 253|0x000000008fd00000, 0x000000008fe00000, 0x000000008fe00000|100%| E|CS|TAMS 0x000000008fd00000, 0x000000008fd00000| Complete 
| 254|0x000000008fe00000, 0x000000008ff00000, 0x000000008ff00000|100%| E|CS|TAMS 0x000000008fe00000, 0x000000008fe00000| Complete 
| 255|0x000000008ff00000, 0x0000000090000000, 0x0000000090000000|100%| E|CS|TAMS 0x000000008ff00000, 0x000000008ff00000| Complete 

Card table byte_map: [0x0000025464e30000,0x0000025465230000] _byte_map_base: 0x0000025464a30000

Marking Bits (Prev, Next): (CMBitMap*) 0x000002544fef78a0, (CMBitMap*) 0x000002544fef7868
 Prev Bits: [0x0000025467630000, 0x0000025469630000)
 Next Bits: [0x0000025465630000, 0x0000025467630000)

Polling page: 0x000002544ff90000

Metaspace:

Usage:
  Non-class:    129.88 MB capacity,   126.66 MB ( 98%) used,     2.60 MB (  2%) free+waste,   644.31 KB ( <1%) overhead. 
      Class:     18.91 MB capacity,    17.06 MB ( 90%) used,     1.59 MB (  8%) free+waste,   270.12 KB (  1%) overhead. 
       Both:    148.79 MB capacity,   143.72 MB ( 97%) used,     4.18 MB (  3%) free+waste,   914.44 KB ( <1%) overhead. 

Virtual space:
  Non-class space:      132.00 MB reserved,     130.36 MB ( 99%) committed 
      Class space:        1.00 GB reserved,      19.25 MB (  2%) committed 
             Both:        1.13 GB reserved,     149.61 MB ( 13%) committed 

Chunk freelists:
   Non-Class:  362.00 KB
       Class:  230.00 KB
        Both:  592.00 KB

MaxMetaspaceSize: 17179869184.00 GB
CompressedClassSpaceSize: 1.00 GB
Initial GC threshold: 20.80 MB
Current GC threshold: 249.36 MB
CDS: off

CodeHeap 'non-profiled nmethods': size=120064Kb used=38440Kb max_used=39402Kb free=81623Kb
 bounds [0x000002545cca0000, 0x000002545f330000, 0x00000254641e0000]
CodeHeap 'profiled nmethods': size=120000Kb used=71700Kb max_used=73086Kb free=48299Kb
 bounds [0x0000025455770000, 0x0000025459ee0000, 0x000002545cca0000]
CodeHeap 'non-nmethods': size=5696Kb used=2491Kb max_used=2569Kb free=3204Kb
 bounds [0x00000254551e0000, 0x0000025455480000, 0x0000025455770000]
 total_blobs=35010 nmethods=33981 adapters=938
 compilation: enabled
              stopped_count=0, restarted_count=0
 full_count=0

Compilation events (20 events):
Event: 11912.772 Thread 0x000002546c7b4800 nmethod 44678 0x0000025456db2f10 code [0x0000025456db3100, 0x0000025456db34a8]
Event: 11912.772 Thread 0x000002546c7b4800 44679       3       com.sun.tools.javac.comp.Operators::initOperators (68 bytes)
Event: 11912.772 Thread 0x000002546c7b4800 nmethod 44679 0x0000025456580890 code [0x0000025456580aa0, 0x00000254565812b8]
Event: 11912.772 Thread 0x000002546c7b4800 44680       3       com.sun.tools.javac.comp.Analyzer$StatementAnalyzer::<init> (20 bytes)
Event: 11912.772 Thread 0x000002546c7b4800 nmethod 44680 0x0000025457589990 code [0x0000025457589b40, 0x0000025457589db8]
Event: 11912.977 Thread 0x000002546c7b3000 44681       4       com.sun.tools.javac.code.Symbol$PackageSymbol::exists (19 bytes)
Event: 11912.977 Thread 0x000002546c7b3000 nmethod 44681 0x000002545e6fe310 code [0x000002545e6fe4a0, 0x000002545e6fe518]
Event: 11913.003 Thread 0x000002546c7b4800 44682       3       com.sun.tools.javac.tree.TreeInfo::hasConstructors (34 bytes)
Event: 11913.004 Thread 0x000002546c7b4800 nmethod 44682 0x00000254565a0790 code [0x00000254565a0960, 0x00000254565a0da8]
Event: 11913.008 Thread 0x000002546c7b3000 44683       4       com.sun.tools.javac.comp.Infer$InferenceStep::accepts (25 bytes)
Event: 11913.010 Thread 0x000002546c7b3000 nmethod 44683 0x000002545e6fdc90 code [0x000002545e6fde60, 0x000002545e6fe0d8]
Event: 11913.015 Thread 0x000002546c7b3000 44684 %     4       com.sun.tools.javac.jvm.ClassWriter::writePool @ 18 (1179 bytes)
Event: 11913.022 Thread 0x000002546c7b4800 44686   !   3       com.sun.tools.javac.comp.Flow$AliveAnalyzer::visitLambda (89 bytes)
Event: 11913.023 Thread 0x000002546c7b4800 nmethod 44686 0x0000025456ce8010 code [0x0000025456ce8220, 0x0000025456ce89d8]
Event: 11913.029 Thread 0x000002546c7b4800 44688       3       com.sun.tools.javac.comp.LambdaToMethod$LambdaAnalyzerPreprocessor::inClassWithinLambda (94 bytes)
Event: 11913.029 Thread 0x000002546c7b4800 nmethod 44688 0x0000025456b58b90 code [0x0000025456b58da0, 0x0000025456b594b8]
Event: 11913.029 Thread 0x000002546c7b4800 44689       3       com.sun.tools.javac.util.List::toArray (82 bytes)
Event: 11913.030 Thread 0x000002546c7b4800 nmethod 44689 0x0000025455944c10 code [0x0000025455944e80, 0x0000025455945ae8]
Event: 11913.053 Thread 0x000002546c7b4800 44690       3       org.gradle.api.internal.tasks.compile.incremental.asm.ClassDependenciesVisitor::collectRemainingClassDependencies (75 bytes)
Event: 11913.054 Thread 0x000002546c7b4800 nmethod 44690 0x0000025459b18310 code [0x0000025459b185c0, 0x0000025459b19358]

GC Heap History (20 events):
Event: 11599.266 GC heap before
{Heap before GC invocations=479 (full 0):
 garbage-first heap   total 262144K, used 126885K [0x0000000080000000, 0x0000000100000000)
  region size 1024K, 31 young (31744K), 2 survivors (2048K)
 Metaspace       used 147099K, capacity 152290K, committed 153204K, reserved 1183744K
  class space    used 17465K, capacity 19362K, committed 19712K, reserved 1048576K
}
Event: 11599.281 GC heap after
{Heap after GC invocations=480 (full 0):
 garbage-first heap   total 262144K, used 103564K [0x0000000080000000, 0x0000000100000000)
  region size 1024K, 6 young (6144K), 6 survivors (6144K)
 Metaspace       used 147099K, capacity 152290K, committed 153204K, reserved 1183744K
  class space    used 17465K, capacity 19362K, committed 19712K, reserved 1048576K
}
Event: 11659.740 GC heap before
{Heap before GC invocations=481 (full 0):
 garbage-first heap   total 262144K, used 209036K [0x0000000080000000, 0x0000000100000000)
  region size 1024K, 98 young (100352K), 6 survivors (6144K)
 Metaspace       used 147128K, capacity 152300K, committed 153204K, reserved 1183744K
  class space    used 17465K, capacity 19362K, committed 19712K, reserved 1048576K
}
Event: 11659.748 GC heap after
{Heap after GC invocations=482 (full 0):
 garbage-first heap   total 262144K, used 108962K [0x0000000080000000, 0x0000000100000000)
  region size 1024K, 10 young (10240K), 10 survivors (10240K)
 Metaspace       used 147128K, capacity 152300K, committed 153204K, reserved 1183744K
  class space    used 17465K, capacity 19362K, committed 19712K, reserved 1048576K
}
Event: 11659.756 GC heap before
{Heap before GC invocations=482 (full 0):
 garbage-first heap   total 262144K, used 111010K [0x0000000080000000, 0x0000000100000000)
  region size 1024K, 12 young (12288K), 10 survivors (10240K)
 Metaspace       used 147128K, capacity 152300K, committed 153204K, reserved 1183744K
  class space    used 17465K, capacity 19362K, committed 19712K, reserved 1048576K
}
Event: 11659.765 GC heap after
{Heap after GC invocations=483 (full 0):
 garbage-first heap   total 262144K, used 101990K [0x0000000080000000, 0x0000000100000000)
  region size 1024K, 2 young (2048K), 2 survivors (2048K)
 Metaspace       used 147128K, capacity 152300K, committed 153204K, reserved 1183744K
  class space    used 17465K, capacity 19362K, committed 19712K, reserved 1048576K
}
Event: 11659.885 GC heap before
{Heap before GC invocations=483 (full 0):
 garbage-first heap   total 262144K, used 121446K [0x0000000080000000, 0x0000000100000000)
  region size 1024K, 23 young (23552K), 2 survivors (2048K)
 Metaspace       used 147128K, capacity 152300K, committed 153204K, reserved 1183744K
  class space    used 17465K, capacity 19362K, committed 19712K, reserved 1048576K
}
Event: 11659.895 GC heap after
{Heap after GC invocations=484 (full 0):
 garbage-first heap   total 262144K, used 103717K [0x0000000080000000, 0x0000000100000000)
  region size 1024K, 4 young (4096K), 4 survivors (4096K)
 Metaspace       used 147128K, capacity 152300K, committed 153204K, reserved 1183744K
  class space    used 17465K, capacity 19362K, committed 19712K, reserved 1048576K
}
Event: 11805.272 GC heap before
{Heap before GC invocations=485 (full 0):
 garbage-first heap   total 262144K, used 215333K [0x0000000080000000, 0x0000000100000000)
  region size 1024K, 102 young (104448K), 4 survivors (4096K)
 Metaspace       used 147143K, capacity 152300K, committed 153204K, reserved 1183744K
  class space    used 17465K, capacity 19362K, committed 19712K, reserved 1048576K
}
Event: 11805.281 GC heap after
{Heap after GC invocations=486 (full 0):
 garbage-first heap   total 262144K, used 110145K [0x0000000080000000, 0x0000000100000000)
  region size 1024K, 8 young (8192K), 8 survivors (8192K)
 Metaspace       used 147143K, capacity 152300K, committed 153204K, reserved 1183744K
  class space    used 17465K, capacity 19362K, committed 19712K, reserved 1048576K
}
Event: 11805.305 GC heap before
{Heap before GC invocations=486 (full 0):
 garbage-first heap   total 262144K, used 113217K [0x0000000080000000, 0x0000000100000000)
  region size 1024K, 12 young (12288K), 8 survivors (8192K)
 Metaspace       used 147143K, capacity 152300K, committed 153204K, reserved 1183744K
  class space    used 17465K, capacity 19362K, committed 19712K, reserved 1048576K
}
Event: 11805.315 GC heap after
{Heap after GC invocations=487 (full 0):
 garbage-first heap   total 262144K, used 101727K [0x0000000080000000, 0x0000000100000000)
  region size 1024K, 1 young (1024K), 1 survivors (1024K)
 Metaspace       used 147143K, capacity 152300K, committed 153204K, reserved 1183744K
  class space    used 17465K, capacity 19362K, committed 19712K, reserved 1048576K
}
Event: 11805.469 GC heap before
{Heap before GC invocations=487 (full 0):
 garbage-first heap   total 262144K, used 116063K [0x0000000080000000, 0x0000000100000000)
  region size 1024K, 17 young (17408K), 1 survivors (1024K)
 Metaspace       used 147143K, capacity 152300K, committed 153204K, reserved 1183744K
  class space    used 17465K, capacity 19362K, committed 19712K, reserved 1048576K
}
Event: 11805.476 GC heap after
{Heap after GC invocations=488 (full 0):
 garbage-first heap   total 262144K, used 103645K [0x0000000080000000, 0x0000000100000000)
  region size 1024K, 3 young (3072K), 3 survivors (3072K)
 Metaspace       used 147143K, capacity 152300K, committed 153204K, reserved 1183744K
  class space    used 17465K, capacity 19362K, committed 19712K, reserved 1048576K
}
Event: 11863.612 GC heap before
{Heap before GC invocations=489 (full 0):
 garbage-first heap   total 262144K, used 200925K [0x0000000080000000, 0x0000000100000000)
  region size 1024K, 87 young (89088K), 3 survivors (3072K)
 Metaspace       used 147153K, capacity 152300K, committed 153204K, reserved 1183744K
  class space    used 17465K, capacity 19362K, committed 19712K, reserved 1048576K
}
Event: 11863.616 GC heap after
{Heap after GC invocations=490 (full 0):
 garbage-first heap   total 262144K, used 107446K [0x0000000080000000, 0x0000000100000000)
  region size 1024K, 5 young (5120K), 5 survivors (5120K)
 Metaspace       used 147153K, capacity 152300K, committed 153204K, reserved 1183744K
  class space    used 17465K, capacity 19362K, committed 19712K, reserved 1048576K
}
Event: 11863.645 GC heap before
{Heap before GC invocations=490 (full 0):
 garbage-first heap   total 262144K, used 113590K [0x0000000080000000, 0x0000000100000000)
  region size 1024K, 12 young (12288K), 5 survivors (5120K)
 Metaspace       used 147154K, capacity 152300K, committed 153204K, reserved 1183744K
  class space    used 17465K, capacity 19362K, committed 19712K, reserved 1048576K
}
Event: 11863.652 GC heap after
{Heap after GC invocations=491 (full 0):
 garbage-first heap   total 262144K, used 100397K [0x0000000080000000, 0x0000000100000000)
  region size 1024K, 2 young (2048K), 2 survivors (2048K)
 Metaspace       used 147154K, capacity 152300K, committed 153204K, reserved 1183744K
  class space    used 17465K, capacity 19362K, committed 19712K, reserved 1048576K
}
Event: 11912.776 GC heap before
{Heap before GC invocations=491 (full 0):
 garbage-first heap   total 262144K, used 178221K [0x0000000080000000, 0x0000000100000000)
  region size 1024K, 80 young (81920K), 2 survivors (2048K)
 Metaspace       used 147162K, capacity 152364K, committed 153204K, reserved 1183744K
  class space    used 17465K, capacity 19362K, committed 19712K, reserved 1048576K
}
Event: 11912.789 GC heap after
{Heap after GC invocations=492 (full 0):
 garbage-first heap   total 262144K, used 110016K [0x0000000080000000, 0x0000000100000000)
  region size 1024K, 12 young (12288K), 12 survivors (12288K)
 Metaspace       used 147162K, capacity 152364K, committed 153204K, reserved 1183744K
  class space    used 17465K, capacity 19362K, committed 19712K, reserved 1048576K
}

Deoptimization events (20 events):
Event: 10594.441 Thread 0x0000025476cf9000 DEOPT PACKING pc=0x000002545866f2a9 sp=0x000000e585cfc750
Event: 10594.442 Thread 0x0000025476cf9000 DEOPT UNPACKING pc=0x000002545522a95e sp=0x000000e585cfbce8 mode 0
Event: 10594.473 Thread 0x0000025476cfd000 DEOPT PACKING pc=0x0000025455a1861b sp=0x000000e5861fd740
Event: 10594.473 Thread 0x0000025476cfd000 DEOPT UNPACKING pc=0x000002545522a95e sp=0x000000e5861fcd00 mode 0
Event: 10594.583 Thread 0x0000025476cf6000 Uncommon trap: trap_request=0xffffffbe fr.pc=0x000002545f1d79f0 relative=0x00000000000036f0
Event: 10594.583 Thread 0x0000025476cf6000 Uncommon trap: reason=profile_predicate action=maybe_recompile pc=0x000002545f1d79f0 method=org.gradle.execution.taskgraph.DefaultTaskExecutionGraph$InvokeNodeExecutorsAction.execute(Lorg/gradle/execution/plan/Node;)V @ 28 c2
Event: 10594.583 Thread 0x0000025476cf6000 DEOPT PACKING pc=0x000002545f1d79f0 sp=0x000000e5853ff250
Event: 10594.583 Thread 0x0000025476cf6000 DEOPT UNPACKING pc=0x000002545522a1af sp=0x000000e5853ff110 mode 2
Event: 10780.928 Thread 0x000002546d03c800 Uncommon trap: trap_request=0xffffff4d fr.pc=0x000002545e8b0bcc relative=0x000000000000140c
Event: 10780.928 Thread 0x000002546d03c800 Uncommon trap: reason=unstable_if action=reinterpret pc=0x000002545e8b0bcc method=java.util.concurrent.ConcurrentHashMap.sumCount()J @ 41 c2
Event: 10780.928 Thread 0x000002546d03c800 DEOPT PACKING pc=0x000002545e8b0bcc sp=0x000000e5838fe900
Event: 10780.928 Thread 0x000002546d03c800 DEOPT UNPACKING pc=0x000002545522a1af sp=0x000000e5838fe748 mode 2
Event: 11599.568 Thread 0x000002546fe65000 DEOPT PACKING pc=0x00000254588d7672 sp=0x000000e585bfbeb0
Event: 11599.568 Thread 0x000002546fe65000 DEOPT UNPACKING pc=0x000002545522a95e sp=0x000000e585bfb708 mode 0
Event: 11660.175 Thread 0x000002546ccf1800 DEOPT PACKING pc=0x00000254589c953d sp=0x000000e5854fbee0
Event: 11660.175 Thread 0x000002546ccf1800 DEOPT UNPACKING pc=0x000002545522a95e sp=0x000000e5854fb588 mode 0
Event: 11660.192 Thread 0x000002546ccf3000 DEOPT PACKING pc=0x0000025459af4224 sp=0x000000e585cfe100
Event: 11660.192 Thread 0x000002546ccf3000 DEOPT UNPACKING pc=0x000002545522a95e sp=0x000000e585cfd5d0 mode 0
Event: 11912.628 Thread 0x000002546cce9800 DEOPT PACKING pc=0x000002545697429a sp=0x000000e5803f9ab0
Event: 11912.628 Thread 0x000002546cce9800 DEOPT UNPACKING pc=0x000002545522a95e sp=0x000000e5803f8ff8 mode 0

Classes redefined (0 events):
No events

Internal exceptions (20 events):
Event: 11913.005 Thread 0x0000025470306000 Exception <a 'sun/nio/fs/WindowsException'{0x000000008e57a9b8}> (0x000000008e57a9b8) thrown at [src/hotspot/share/prims/jni.cpp, line 617]
Event: 11913.005 Thread 0x0000025470306000 Exception <a 'sun/nio/fs/WindowsException'{0x000000008e57aad8}> (0x000000008e57aad8) thrown at [src/hotspot/share/prims/jni.cpp, line 617]
Event: 11913.006 Thread 0x0000025470306000 Exception <a 'sun/nio/fs/WindowsException'{0x000000008e5e66c8}> (0x000000008e5e66c8) thrown at [src/hotspot/share/prims/jni.cpp, line 617]
Event: 11913.006 Thread 0x0000025470306000 Exception <a 'sun/nio/fs/WindowsException'{0x000000008e5e6800}> (0x000000008e5e6800) thrown at [src/hotspot/share/prims/jni.cpp, line 617]
Event: 11913.006 Thread 0x0000025470306000 Exception <a 'sun/nio/fs/WindowsException'{0x000000008e401a30}> (0x000000008e401a30) thrown at [src/hotspot/share/prims/jni.cpp, line 617]
Event: 11913.007 Thread 0x0000025470306000 Exception <a 'sun/nio/fs/WindowsException'{0x000000008e401b58}> (0x000000008e401b58) thrown at [src/hotspot/share/prims/jni.cpp, line 617]
Event: 11913.011 Thread 0x0000025470306000 Exception <a 'sun/nio/fs/WindowsException'{0x000000008e378bb0}> (0x000000008e378bb0) thrown at [src/hotspot/share/prims/jni.cpp, line 617]
Event: 11913.011 Thread 0x0000025470306000 Exception <a 'sun/nio/fs/WindowsException'{0x000000008e378ce8}> (0x000000008e378ce8) thrown at [src/hotspot/share/prims/jni.cpp, line 617]
Event: 11913.014 Thread 0x0000025470306000 Exception <a 'sun/nio/fs/WindowsException'{0x000000008e2a30d0}> (0x000000008e2a30d0) thrown at [src/hotspot/share/prims/jni.cpp, line 617]
Event: 11913.016 Thread 0x0000025470306000 Exception <a 'sun/nio/fs/WindowsException'{0x000000008e110118}> (0x000000008e110118) thrown at [src/hotspot/share/prims/jni.cpp, line 617]
Event: 11913.016 Thread 0x0000025470306000 Exception <a 'sun/nio/fs/WindowsException'{0x000000008e110250}> (0x000000008e110250) thrown at [src/hotspot/share/prims/jni.cpp, line 617]
Event: 11913.018 Thread 0x0000025470306000 Exception <a 'sun/nio/fs/WindowsException'{0x000000008e1e6390}> (0x000000008e1e6390) thrown at [src/hotspot/share/prims/jni.cpp, line 617]
Event: 11913.018 Thread 0x0000025470306000 Exception <a 'sun/nio/fs/WindowsException'{0x000000008e1e64c8}> (0x000000008e1e64c8) thrown at [src/hotspot/share/prims/jni.cpp, line 617]
Event: 11913.019 Thread 0x0000025470306000 Exception <a 'sun/nio/fs/WindowsException'{0x000000008e019720}> (0x000000008e019720) thrown at [src/hotspot/share/prims/jni.cpp, line 617]
Event: 11913.019 Thread 0x0000025470306000 Exception <a 'sun/nio/fs/WindowsException'{0x000000008e019878}> (0x000000008e019878) thrown at [src/hotspot/share/prims/jni.cpp, line 617]
Event: 11913.023 Thread 0x0000025470306000 Exception <a 'sun/nio/fs/WindowsException'{0x000000008dfb5528}> (0x000000008dfb5528) thrown at [src/hotspot/share/prims/jni.cpp, line 617]
Event: 11913.023 Thread 0x0000025470306000 Exception <a 'sun/nio/fs/WindowsException'{0x000000008dfb5660}> (0x000000008dfb5660) thrown at [src/hotspot/share/prims/jni.cpp, line 617]
Event: 11913.024 Thread 0x0000025470306000 Exception <a 'sun/nio/fs/WindowsException'{0x000000008dfe0178}> (0x000000008dfe0178) thrown at [src/hotspot/share/prims/jni.cpp, line 617]
Event: 11913.024 Thread 0x0000025470306000 Exception <a 'sun/nio/fs/WindowsException'{0x000000008dfe02a8}> (0x000000008dfe02a8) thrown at [src/hotspot/share/prims/jni.cpp, line 617]
Event: 11913.030 Thread 0x0000025470306000 Exception <a 'sun/nio/fs/WindowsException'{0x000000008dc9d060}> (0x000000008dc9d060) thrown at [src/hotspot/share/prims/jni.cpp, line 617]

Events (20 events):
Event: 11912.700 Executing VM operation: RevokeBias
Event: 11912.700 Executing VM operation: RevokeBias done
Event: 11912.700 Executing VM operation: RevokeBias
Event: 11912.701 Executing VM operation: RevokeBias done
Event: 11912.707 Executing VM operation: BulkRevokeBias
Event: 11912.709 Executing VM operation: BulkRevokeBias done
Event: 11912.713 Executing VM operation: RevokeBias
Event: 11912.713 Executing VM operation: RevokeBias done
Event: 11912.728 Thread 0x000002547030b000 Thread added: 0x000002547030b000
Event: 11912.728 Thread 0x000002547030f800 Thread added: 0x000002547030f800
Event: 11912.728 Thread 0x0000025470310800 Thread added: 0x0000025470310800
Event: 11912.728 Thread 0x000002547030b800 Thread added: 0x000002547030b800
Event: 11912.728 Thread 0x000002547030e000 Thread added: 0x000002547030e000
Event: 11912.728 Thread 0x000002546fe5d000 Thread added: 0x000002546fe5d000
Event: 11912.776 Executing VM operation: G1CollectForAllocation
Event: 11912.789 Executing VM operation: G1CollectForAllocation done
Event: 11912.856 Executing VM operation: CGC_Operation
Event: 11912.873 Executing VM operation: CGC_Operation done
Event: 11912.904 Executing VM operation: CGC_Operation
Event: 11912.904 Executing VM operation: CGC_Operation done


Dynamic libraries:
0x00007ff72ac60000 - 0x00007ff72ac6a000 	C:\Program Files\Android\Android Studio\jbr\bin\java.exe
0x00007ffee2e90000 - 0x00007ffee3088000 	C:\WINDOWS\SYSTEM32\ntdll.dll
0x00007ffee19b0000 - 0x00007ffee1a6f000 	C:\WINDOWS\System32\KERNEL32.DLL
0x00007ffee0b60000 - 0x00007ffee0e32000 	C:\WINDOWS\System32\KERNELBASE.dll
0x00007ffee0690000 - 0x00007ffee0790000 	C:\WINDOWS\System32\ucrtbase.dll
0x00007ffec6d50000 - 0x00007ffec6d67000 	C:\Program Files\Android\Android Studio\jbr\bin\jli.dll
0x00007ffee1260000 - 0x00007ffee1401000 	C:\WINDOWS\System32\USER32.dll
0x00007ffee0800000 - 0x00007ffee0822000 	C:\WINDOWS\System32\win32u.dll
0x00007ffee2e20000 - 0x00007ffee2e4b000 	C:\WINDOWS\System32\GDI32.dll
0x00007ffee0580000 - 0x00007ffee068f000 	C:\WINDOWS\System32\gdi32full.dll
0x00007ffee0880000 - 0x00007ffee091d000 	C:\WINDOWS\System32\msvcp_win.dll
0x00007ffec62d0000 - 0x00007ffec62eb000 	C:\Program Files\Android\Android Studio\jbr\bin\VCRUNTIME140.dll
0x00007ffecdcd0000 - 0x00007ffecdf6a000 	C:\WINDOWS\WinSxS\amd64_microsoft.windows.common-controls_6595b64144ccf1df_6.0.19041.1110_none_60b5254171f9507e\COMCTL32.dll
0x00007ffee0f80000 - 0x00007ffee101e000 	C:\WINDOWS\System32\msvcrt.dll
0x00007ffee0f30000 - 0x00007ffee0f62000 	C:\WINDOWS\System32\IMM32.DLL
0x00007ffec90b0000 - 0x00007ffec90bc000 	C:\Program Files\Android\Android Studio\jbr\bin\vcruntime140_1.dll
0x00007ffea8ec0000 - 0x00007ffea8f4d000 	C:\Program Files\Android\Android Studio\jbr\bin\msvcp140.dll
0x00007ffe77760000 - 0x00007ffe7831c000 	C:\Program Files\Android\Android Studio\jbr\bin\server\jvm.dll
0x00007ffee24d0000 - 0x00007ffee257e000 	C:\WINDOWS\System32\ADVAPI32.dll
0x00007ffee11b0000 - 0x00007ffee124c000 	C:\WINDOWS\System32\sechost.dll
0x00007ffee2b40000 - 0x00007ffee2c65000 	C:\WINDOWS\System32\RPCRT4.dll
0x00007ffee1250000 - 0x00007ffee1258000 	C:\WINDOWS\System32\PSAPI.DLL
0x00007ffecb320000 - 0x00007ffecb329000 	C:\WINDOWS\SYSTEM32\WSOCK32.dll
0x00007ffee1c60000 - 0x00007ffee1ccb000 	C:\WINDOWS\System32\WS2_32.dll
0x00007ffed26d0000 - 0x00007ffed26f7000 	C:\WINDOWS\SYSTEM32\WINMM.dll
0x00007ffed9530000 - 0x00007ffed953a000 	C:\WINDOWS\SYSTEM32\VERSION.dll
0x00007ffede460000 - 0x00007ffede472000 	C:\WINDOWS\SYSTEM32\kernel.appcore.dll
0x00007ffedc230000 - 0x00007ffedc240000 	C:\Program Files\Android\Android Studio\jbr\bin\verify.dll
0x00007ffecf1e0000 - 0x00007ffecf3c4000 	C:\WINDOWS\SYSTEM32\DBGHELP.DLL
0x00007ffeca620000 - 0x00007ffeca655000 	C:\WINDOWS\SYSTEM32\dbgcore.DLL
0x00007ffee0e40000 - 0x00007ffee0ec2000 	C:\WINDOWS\System32\bcryptPrimitives.dll
0x00007ffed9d40000 - 0x00007ffed9d68000 	C:\Program Files\Android\Android Studio\jbr\bin\java.dll
0x00007ffedbb40000 - 0x00007ffedbb4a000 	C:\Program Files\Android\Android Studio\jbr\bin\jimage.dll
0x00007ffed9d20000 - 0x00007ffed9d38000 	C:\Program Files\Android\Android Studio\jbr\bin\zip.dll
0x00007ffee1cd0000 - 0x00007ffee2414000 	C:\WINDOWS\System32\SHELL32.dll
0x00007ffede660000 - 0x00007ffededf2000 	C:\WINDOWS\SYSTEM32\windows.storage.dll
0x00007ffee2580000 - 0x00007ffee28d5000 	C:\WINDOWS\System32\combase.dll
0x00007ffedffe0000 - 0x00007ffee0010000 	C:\WINDOWS\SYSTEM32\Wldp.dll
0x00007ffee2420000 - 0x00007ffee24cd000 	C:\WINDOWS\System32\SHCORE.dll
0x00007ffee1a70000 - 0x00007ffee1ac5000 	C:\WINDOWS\System32\shlwapi.dll
0x00007ffee04c0000 - 0x00007ffee04df000 	C:\WINDOWS\SYSTEM32\profapi.dll
0x00007ffed9d00000 - 0x00007ffed9d19000 	C:\Program Files\Android\Android Studio\jbr\bin\net.dll
0x00007ffed8f30000 - 0x00007ffed903c000 	C:\WINDOWS\SYSTEM32\WINHTTP.dll
0x00007ffedfd40000 - 0x00007ffedfdaa000 	C:\WINDOWS\system32\mswsock.dll
0x00007ffed9ce0000 - 0x00007ffed9cf3000 	C:\Program Files\Android\Android Studio\jbr\bin\nio.dll
0x00007ffec3a90000 - 0x00007ffec3ab7000 	C:\Users\tylwe\.gradle\native\e1d6ef7f7dcc3fd88c89a11ec53ec762bb8ba0a96d01ffa2cd45eb1d1d8dd5c5\windows-amd64\native-platform.dll
0x00007ffea8950000 - 0x00007ffea8a94000 	C:\Users\tylwe\.gradle\native\0d407fdbe67a94daf76414ababcb853783967236a71b16ec16e742cd7a986fd3\windows-amd64\native-platform-file-events.dll
0x00007ffed9cd0000 - 0x00007ffed9cda000 	C:\Program Files\Android\Android Studio\jbr\bin\management.dll
0x00007ffed9cc0000 - 0x00007ffed9ccb000 	C:\Program Files\Android\Android Studio\jbr\bin\management_ext.dll
0x00007ffedff30000 - 0x00007ffedff48000 	C:\WINDOWS\SYSTEM32\CRYPTSP.dll
0x00007ffedf5f0000 - 0x00007ffedf624000 	C:\WINDOWS\system32\rsaenh.dll
0x00007ffee0a80000 - 0x00007ffee0aa7000 	C:\WINDOWS\System32\bcrypt.dll
0x00007ffee0480000 - 0x00007ffee04ae000 	C:\WINDOWS\SYSTEM32\USERENV.dll
0x00007ffedff50000 - 0x00007ffedff5c000 	C:\WINDOWS\SYSTEM32\CRYPTBASE.dll
0x00007ffedf9e0000 - 0x00007ffedfa1b000 	C:\WINDOWS\SYSTEM32\IPHLPAPI.DLL
0x00007ffee0f70000 - 0x00007ffee0f78000 	C:\WINDOWS\System32\NSI.dll
0x00007ffed9540000 - 0x00007ffed9557000 	C:\WINDOWS\SYSTEM32\dhcpcsvc6.DLL
0x00007ffed9920000 - 0x00007ffed993d000 	C:\WINDOWS\SYSTEM32\dhcpcsvc.DLL
0x00007ffedfa20000 - 0x00007ffedfaea000 	C:\WINDOWS\SYSTEM32\DNSAPI.dll
0x00007ffed9bc0000 - 0x00007ffed9be7000 	C:\Program Files\Android\Android Studio\jbr\bin\sunec.dll
0x00007ffedf710000 - 0x00007ffedf743000 	C:\WINDOWS\SYSTEM32\ntmarta.dll
0x00007ffecec90000 - 0x00007ffecec9a000 	C:\Windows\System32\rasadhlp.dll
0x00007ffecd1f0000 - 0x00007ffecd270000 	C:\WINDOWS\System32\fwpuclnt.dll

dbghelp: loaded successfully - version: 4.0.5 - missing functions: none
symbol engine: initialized successfully - sym options: 0x614 - pdb path: .;C:\Program Files\Android\Android Studio\jbr\bin;C:\WINDOWS\SYSTEM32;C:\WINDOWS\WinSxS\amd64_microsoft.windows.common-controls_6595b64144ccf1df_6.0.19041.1110_none_60b5254171f9507e;C:\Program Files\Android\Android Studio\jbr\bin\server;C:\Users\tylwe\.gradle\native\e1d6ef7f7dcc3fd88c89a11ec53ec762bb8ba0a96d01ffa2cd45eb1d1d8dd5c5\windows-amd64;C:\Users\tylwe\.gradle\native\0d407fdbe67a94daf76414ababcb853783967236a71b16ec16e742cd7a986fd3\windows-amd64

VM Arguments:
jvm_args: --add-opens=java.base/java.util=ALL-UNNAMED --add-opens=java.base/java.lang=ALL-UNNAMED --add-opens=java.base/java.lang.invoke=ALL-UNNAMED --add-opens=java.base/java.util=ALL-UNNAMED --add-opens=java.prefs/java.util.prefs=ALL-UNNAMED --add-opens=java.prefs/java.util.prefs=ALL-UNNAMED --add-opens=java.base/java.nio.charset=ALL-UNNAMED --add-opens=java.base/java.net=ALL-UNNAMED --add-opens=java.base/java.util.concurrent.atomic=ALL-UNNAMED -Xmx2048m -Dfile.encoding=UTF-8 -Duser.country=GB -Duser.language=en -Duser.variant 
java_command: org.gradle.launcher.daemon.bootstrap.GradleDaemon 7.5
java_class_path (initial): C:\Users\tylwe\.gradle\wrapper\dists\gradle-7.5-bin\f1w0cc9nuo0eivz97x2xlu9sv\gradle-7.5\lib\gradle-launcher-7.5.jar
Launcher Type: SUN_STANDARD

[Global flags]
     intx CICompilerCount                          = 3                                         {product} {ergonomic}
     uint ConcGCThreads                            = 2                                         {product} {ergonomic}
     uint G1ConcRefinementThreads                  = 6                                         {product} {ergonomic}
   size_t G1HeapRegionSize                         = 1048576                                   {product} {ergonomic}
    uintx GCDrainStackTargetSize                   = 64                                        {product} {ergonomic}
   size_t InitialHeapSize                          = 268435456                                 {product} {ergonomic}
   size_t MarkStackSize                            = 4194304                                   {product} {ergonomic}
   size_t MaxHeapSize                              = 2147483648                                {product} {command line}
   size_t MaxNewSize                               = 1287651328                                {product} {ergonomic}
   size_t MinHeapDeltaBytes                        = 1048576                                   {product} {ergonomic}
    uintx NonNMethodCodeHeapSize                   = 5830732                                {pd product} {ergonomic}
    uintx NonProfiledCodeHeapSize                  = 122913754                              {pd product} {ergonomic}
    uintx ProfiledCodeHeapSize                     = 122913754                              {pd product} {ergonomic}
    uintx ReservedCodeCacheSize                    = 251658240                              {pd product} {ergonomic}
     bool SegmentedCodeCache                       = true                                      {product} {ergonomic}
     bool UseCompressedClassPointers               = true                                 {lp64_product} {ergonomic}
     bool UseCompressedOops                        = true                                 {lp64_product} {ergonomic}
     bool UseG1GC                                  = true                                      {product} {ergonomic}
     bool UseLargePagesIndividualAllocation        = false                                  {pd product} {ergonomic}

Logging:
Log output configuration:
 #0: stdout all=warning uptime,level,tags
 #1: stderr all=off uptime,level,tags

Environment Variables:
PATH=C:\Program Files\Common Files\Oracle\Java\javapath;C:\Program Files (x86)\Common Files\Oracle\Java\javapath;C:\Windows\system32;C:\Windows;C:\Windows\System32\Wbem;C:\Windows\System32\WindowsPowerShell\v1.0\;C:\Windows\System32\OpenSSH\;C:\Program Files\NVIDIA Corporation\NVIDIA NvDLISR;C:\Program Files (x86)\NVIDIA Corporation\PhysX\Common;C:\Program Files\dotnet\;C:\Users\tylwe\AppData\Local\Programs\Python\Python38\Scripts;C:\Users\tylwe\AppData\Local\Programs\Python\Python38;C:\Program Files\Git\cmd;C:\Program Files\PuTTY\;C:\WINDOWS\system32;C:\WINDOWS;C:\WINDOWS\System32\Wbem;C:\WINDOWS\System32\WindowsPowerShell\v1.0\;C:\WINDOWS\System32\OpenSSH\;C:\Program Files (x86)\dotnet\;C:\ProgramData\chocolatey\bin;C:\MinGW\bin;C:\Users\tylwe\AppData\Roaming\local\bin;C:\Program Files (x86)\Common Files\Oracle\Java\javapath;C:\Windows\system32;C:\Windows;C:\Windows\System32\Wbem;C:\Windows\System32\WindowsPowerShell\v1.0\;C:\Windows\System32\OpenSSH\;C:\Program Files\NVIDIA Corporation\NVIDIA NvDLISR;C:\Program Files (x86)\NVIDIA Corporation\PhysX\Common;C:\Program Files\dotnet\;C:\Program Files\Git\cmd;C:\Users\tylwe\AppData\Local\Programs\Python\Python310\Scripts;C:\Users\tylwe\AppData\Local\Microsoft\WindowsApps;C:\Users\tylwe\.dotnet\tools;C:\Python34\Scripts;C:\Users\tylwe\AppData\Local\Microsoft\WindowsApps;C:\Users\tylwe\AppData\Local\GitHubDesktop\bin;C:\xamppp\php;C:\Program Files\Java\jre1.8.0_321\bin;C:\Program Files\Java\jdk-18\bin;C:\Users\tylwe\AppData\Roaming\cabal\bin;C:\tools\ghc-9.4.2\bin;C:\tools\msys64;C:\Users\tylwe\AppData\Local\atom\bin
USERNAME=Parker
OS=Windows_NT
PROCESSOR_IDENTIFIER=Intel64 Family 6 Model 158 Stepping 10, GenuineIntel



---------------  S Y S T E M  ---------------

OS: Windows 10 , 64 bit Build 19041 (10.0.19041.2364)
OS uptime: 0 days 4:17 hours

CPU:total 6 (initial active 6) (6 cores per cpu, 1 threads per core) family 6 model 158 stepping 10 microcode 0xb4, cmov, cx8, fxsr, mmx, sse, sse2, sse3, ssse3, sse4.1, sse4.2, popcnt, avx, avx2, aes, clmul, erms, 3dnowpref, lzcnt, tsc, tscinvbit, bmi1, bmi2, adx, fma

Memory: 4k page, system-wide physical 16317M (1180M free)
TotalPageFile size 24413M (AvailPageFile size 0M)
current process WorkingSet (physical memory assigned to process): 608M, peak: 679M
current process commit charge ("private bytes"): 732M, peak: 759M

vm_info: OpenJDK 64-Bit Server VM (11.0.15+0-b2043.56-9505619) for windows-amd64 JRE (11.0.15+0-b2043.56-9505619), built on Jan 19 2023 02:48:00 by "builduser" with unknown MS VC++:1929

END.
